|SourceProjectName:xarax.hpr
|DestinationProjectName:xaralx.htm
whhost.js
whmsg.js
whmozemu.js
whproxy.js
whstub.js
whutils.js
whver.js
whform.js
whphost.js
whstart.js
whtopic.js
whframes.js
whlang.js
whskin_info.htm
whskin_blank.htm
whskin_pickup.htm
whskin_homepage.htm
whnjs.htm
whthost.js
whtdhtml.htm
whihost.js
whibody.htm
whiform.htm
whfhost.js
whfbody.htm
whfform.htm
whghost.js
whgbody.htm
whgdhtml.htm
whgdef.htm
whproj.js
whproj.xml
whproj.htm
whxdata\whtoc.xml
whxdata\whidx.xml
whxdata\whfts.xml
whxdata\whglo.xml
whdata\whtoc.js
whdata\whtoc.htm
whdata\whtdata.js
whdata\whidx.js
whdata\whidx.htm
whdata\whidata.js
whdata\whfts.js
whdata\whfts.htm
whdata\whglo.js
whdata\whglo.htm
whdata\whgdata.js
whdata\whftdata.js
whdata\whfwdata.js
whres.xml
WebHelp.jar
WebHelp.cab
whgdata\whnvp30.htm
whgdata\whnvp31.htm
whgdata\whnvp32.htm
whgdata\whnvp33.htm
whgdata\whnvt30.htm
whgdata\whnvt31.htm
whgdata\whnvt32.htm
whgdata\whnvt33.htm
whgdata\whnvf30.htm
whgdata\whnvf31.htm
whgdata\whnvf32.htm
whgdata\whnvf33.htm
whgdata\whnvl31.htm
whgdata\whnvl32.htm
whgdata\whnvl33.htm
whgdata\whexpbar.gif
cshdat_webhelp.htm
whcsh_home.htm
whcshdata.htm
cshdat_robohelp.htm
wht_tab0.gif
wht_tab1.gif
wht_tab2.gif
wht_tab3.gif
wht_tab4.gif
wht_tab5.gif
wht_tab6.gif
wht_tab7.gif
wht_tab8.gif
wht_glo_h.gif
wht_glo_n.gif
wht_fts_h.gif
wht_fts_n.gif
wht_idx_h.gif
wht_idx_n.gif
wht_toc_h.gif
wht_toc_n.gif
wht_ws.gif
wht_ws_g.gif
wht_logo1.gif
wht_logo2.gif
wht_abgw.jpg
wht_abgi.jpg
wht_abge.jpg
wht_abtw.jpg
wht_abte.jpg
wht_abti.jpg
wht_spac.gif
wht_next.gif
wht_next_g.gif
wht_prev.gif
wht_prev_g.gif
wht_sync.gif
wht_hide.gif
wht_go.gif
whstart.ico
whestart.ico
whrstart.ico
whidhtml.htm
whfdhtml.htm
whskin_banner.htm
whtbar.js
Default.skn
whskin_pdhtml.htm
whskin_papplet.htm
whskin_plist.htm
whskin_tbars.htm
whskin_mbars.htm
wht_toc4.gif
wht_toc1.gif
wht_toc2.gif
wht_toc3.gif
whskin_frmset010.htm
whst_topics.xml
whskin_frmset01.htm
xaralx_hha.hhk
xaralx.hhc
xaralx.hhk
Getting_Started_with_Drawings.htm
Introduction.htm
xarax\Add_colors_to_multicolor_fills.htm
xarax\Alternative_names.htm
xarax\Bar_Creation_Dialog_Box_Create_button.htm
xarax\Bar_Properties___BackBar.htm
xarax\Bar_Properties___Buttons_are_all.htm
xarax\Bar_Properties___Number_of_buttons.htm
xarax\Bar_Properties_Button_Stretching.htm
xarax\Bar_Properties_Dialog_Box___Bar_Direction.htm
xarax\Bar_Properties_dialog_box___Group_Stretching.htm
xarax\Bar_Properties_Dialog_Box_Spacing.htm
xarax\Batch_export.htm
xarax\Bevel_direction.htm
xarax\Bevel_pop_up_menu.htm
xarax\Bevel_settings.htm
xarax\Bevel_Tool___Inner_Outer_bevel.htm
xarax\Bevel_Tool___Join_style.htm
xarax\Bevel_Tool_Slider_type.htm
xarax\Bevel_type.htm
xarax\Bitmap_Export___Preview_Button.htm
xarax\Bitmap_Export_Dialog_Box.htm
xarax\Bitmap_Export_Dialog_Box___Area_to_Save.htm
xarax\Bitmap_Export_Dialog_Box___Color_Depth.htm
xarax\Bitmap_Export_Dialog_Box___Colors.htm
xarax\Bitmap_Export_Dialog_Box___GIF_Options__backup_.htm
xarax\Bitmap_Export_Dialog_Box___Palette.htm
xarax\Bitmap_Export_Dialog_Box___PNG_Options__backup_.htm
xarax\Bitmap_Export_Dialog_Box___Size__and_Resolution_.htm
xarax\Bitmap_Export_Dialog_Box_Control_Buttons.htm
xarax\Bitmap_Gallery___Background_Button.htm
xarax\Bitmap_Gallery___Preview_Button.htm
xarax\Blend_Tool_Attribute_Profile.htm
xarax\Blend_Tool_Blend_along_a_curve.htm
xarax\Blend_Tool_Position_Profile.htm
xarax\Blend_Tool_Rotate_along_Curve.htm
xarax\Blending_along_a_curve.htm
xarax\Blur_shadow_edges.htm
xarax\Brush_Stroke_Properties.htm
xarax\Change_circular_fill_tiling.htm
xarax\Change_colors_in_multicolor_fills.htm
xarax\Change_shadow_size.htm
xarax\Change_shadow_transparency.htm
xarax\Change_the_position_of_a_color_in_a_multicolor_fill.htm
xarax\Changing_colors_in_multicolor_fills.htm
xarax\Changing_contour_size.htm
xarax\Changing_diamond_fill_tiling.htm
xarax\Changing_elliptical_fill_tiling.htm
xarax\Changing_linear_fill_tiling.htm
xarax\Changing_multicolor_fills.htm
xarax\Changing_the_bevel_color.htm
xarax\Changing_the_bevel_join.htm
xarax\Changing_the_blend_attribute_profile.htm
xarax\Changing_the_blend_position_profile.htm
xarax\Changing_the_Brush_Stoke_design.htm
xarax\Changing_the_contour_attribute_profile.htm
xarax\Changing_the_contour_color.htm
xarax\Changing_the_contour_position_profile.htm
xarax\Changing_the_default_units.htm
xarax\Changing_the_feathering_profile.htm
xarax\Changing_the_feathering_size.htm
xarax\Changing_the_fill_profile.htm
xarax\Changing_the_grain_of_a_fractal_transparencyA.htm
xarax\Changing_the_level_in_flat_transparency.htm
xarax\Changing_the_levels_in_bitmap_transparencyA.htm
xarax\Changing_the_levels_in_circular_transparencyA.htm
xarax\Changing_the_levels_in_conical_transparencyA.htm
xarax\Changing_the_levels_in_diamond_transparencyA.htm
xarax\Changing_the_levels_in_elliptical_transparencyA.htm
xarax\Changing_the_levels_in_four_point_transparencyA.htm
xarax\Changing_the_levels_in_fractal_transparencyA.htm
xarax\Changing_the_levels_in_linear_transparencyA.htm
xarax\Changing_the_levels_in_three_point_transparencyA.htm
xarax\Changing_the_number_of_steps_in_a_contour.htm
xarax\Changing_the_position_of_a_Wall_shadow.htm
xarax\Changing_the_shadow_color.htm
xarax\Changing_the_shadow_profile.htm
xarax\Changing_the_size_of_a_Floor_shadow.htm
xarax\Changing_the_size_of_a_Glow_shadow.htm
xarax\Changing_the_stroke_shape_of_a_line.htm
xarax\Changing_the_tiling_of_bitmap_transparencyA.htm
xarax\Changing_the_tiling_of_four_point_transparencyA.htm
xarax\Changing_the_tiling_of_fractal_transparencyA.htm
xarax\Changing_the_tiling_of_three_point_transparencyA.htm
xarax\Changing_the_transparency_profile.htm
xarax\Changing_the_way_colors_fade_in_a_contour.htm
xarax\Changing_Transparency_Type.htm
xarax\Clipart_gallery___Drop_down.htm
xarax\Color_Editor___Make_local_to_frame.htm
xarax\Color_Editor___No_Color_button.htm
xarax\Color_Editor___Rename_color_button.htm
xarax\Color_Editor___Snap_to_Browser_Palette.htm
xarax\Color_Editor_Color_Picker.htm
xarax\Color_Editor_Color_Swatches.htm
xarax\Contour_Tool___Attribute_Profile.htm
xarax\Contour_Tool___Effect_Field.htm
xarax\Contour_Tool___Inner_Outer.htm
xarax\Contour_Tool___Inset_Path.htm
xarax\Contour_Tool___Join_style.htm
xarax\Contour_Tool___Remove_Button.htm
xarax\Contour_Tool___Steps_Field.htm
xarax\Contour_Tool_Position_Profile.htm
xarax\Contour_Tool_select.htm
xarax\Contour_Tool_Slider.htm
xarax\Converting_bevel_to_shapes.htm
xarax\Converting_contours_to_shapes.htm
xarax\Converting_lines_to_shapes.htm
xarax\Converting_shadows_to_shapes.htm
xarax\Create_a_ClipView.htm
xarax\Creating_a_backbar.htm
xarax\Creating_a_glow_effect.htm
xarax\Creating_new_default_brushes.htm
xarax\Creating_rollover_buttons.htm
xarax\Creating_template_sets.htm
xarax\Creating_Tint_Colors.htm
xarax\Definition___Brush.htm
xarax\Definition__Animated_documents.htm
xarax\Definition__Bevel.htm
xarax\Definition__Brightness_transparency_type.htm
xarax\Definition__Contour.htm
xarax\Definition__Contour_Tool_Infobar.htm
xarax\Definition__Contrast_transparency_type.htm
xarax\Definition__CorelXARA.htm
xarax\Definition__Darken_transparency_type.htm
xarax\Definition__Feathering.htm
xarax\Definition__Fractal_Plasma_Transprency.htm
xarax\Definition__Group_Transparency.htm
xarax\Definition__Hue_transparency_type.htm
xarax\Definition__Interactive_Dragging.htm
xarax\Definition__Luminosity_transparency_type.htm
xarax\Definition__Named_Object.htm
xarax\Definition__Resolution.htm
xarax\Definition__resolution__Create_bitmap_.htm
xarax\Definition__Rollovers.htm
xarax\Definition__Saturation_transparency_type.htm
xarax\Definition__Shadow_Tool_Infobar.htm
xarax\Definition__stroke_shape.htm
xarax\Definition__Toolbar.htm
xarax\Definition__WebSnap_palette.htm
xarax\Definition__Xara_Webster.htm
xarax\Definition_Alpha_channel.htm
xarax\Definition_Bleach_transparency_type.htm
xarax\Definition_Custom_Bitmap_Effect.htm
xarax\Definition_Edge_Detection_Bitmap_Effect.htm
xarax\Definition_Fractal_Plasma_Fills.htm
xarax\Definition_Lighten_transparency_type.htm
xarax\Definition_Mix_transparency_type.htm
xarax\Definition_Navbar.htm
xarax\Definition_NavBar_Tool_Infobar.htm
xarax\Definition_Normal_Documents.htm
xarax\Definition_Normal_Screen_Mode.htm
xarax\Definition_Push_Tool_Infobar.htm
xarax\Definition_Rectangle_Tool_Infobar.htm
xarax\Definition_Sharpen_Bitmap_Effect.htm
xarax\Definition_Stained_Glass_transparency_type.htm
xarax\Definition_Text_Tool_Infobar.htm
xarax\Delete_a_color_in_multicolor_fill.htm
xarax\Deleting_a_brush.htm
xarax\Deleting_a_navigation_bar_button.htm
xarax\Deleting_a_rollover_button_state.htm
xarax\Deleting_colors.htm
xarax\Dialog_Bitmap_Export_Dialog_Box___Preview_Button.htm
xarax\Dilation_Bitmap_Effect.htm
xarax\Displaying_the_Toolbar.htm
xarax\Downloading_Items.htm
xarax\Edit_brush_Save.htm
xarax\Edit_color___Lock_a_color.htm
xarax\Edit_color___Lock_a_color__bitmap_copy_.htm
xarax\Edit_color_color_definition.htm
xarax\Edit_color_color_definition_bitmap_copy_.htm
xarax\Edit_color_delete_color.htm
xarax\Edit_color_delete_color__bitmap_copy_.htm
xarax\Edit_color_make_transparent.htm
xarax\Edit_color_make_transparent__bitmap_copy_.htm
xarax\Edit_color_make_web_safe.htm
xarax\Edit_color_make_web_safe__bitmap_copy_.htm
xarax\Editing_brushes.htm
xarax\Editing_colors_in_the_Create_Bitmap_Copy_palette.htm
xarax\Editing_colors_in_the_export_palette.htm
xarax\Exporting_as_PDF.htm
xarax\Exporting_Macromedia_Flash_files.htm
xarax\Feather_Control_bar.htm
xarax\Feather_Control_Bar___Profile.htm
xarax\Feather_Control_Bar___Size.htm
xarax\Feathering_Notes.htm
xarax\Feathering_objects.htm
xarax\Fill_Tool_Profile.htm
xarax\Firewalls_and_Your_Privacy.htm
xarax\Freehand_Tool___Create_Brush.htm
xarax\Freehand_Tool___Edit_Brush.htm
xarax\Freehand_Tool___Select_Brush.htm
xarax\Freehand_Tool___Select_Stroke.htm
xarax\Gallery_Docking_and_Undocking.htm
xarax\Graphics_Quality.htm
xarax\Group_Transparency.htm
xarax\Hiding_the_curve.htm
xarax\How_Apply_shadow.htm
xarax\How_Applying_a_bevel.htm
xarax\How_bevel_light.htm
xarax\How_bevel_shape.htm
xarax\How_Change_bevel_size.htm
xarax\How_Modifying_bevels.htm
xarax\How_Removing_a_shadow.htm
xarax\IDH_Alert_Abort_or_Continue_Printing.htm
xarax\IDH_Alert_ATM_Deinstall_Problems.htm
xarax\IDH_Alert_ATM_Not_Running.htm
xarax\IDH_Alert_Bad_Document_File_Format.htm
xarax\IDH_Alert_Bad_Filename.htm
xarax\IDH_Alert_Bad_Mould_Shape.htm
xarax\IDH_Alert_Bad_Pentium.htm
xarax\IDH_Alert_Bad_Text_Search.htm
xarax\IDH_Alert_Bars_File_Problem.htm
xarax\IDH_Alert_Bitmap_Too_Large.htm
xarax\IDH_Alert_Browsing_Cannot_Find_Library.htm
xarax\IDH_Alert_Cannot_Close_File.htm
xarax\IDH_Alert_Cannot_Open_Web_Page.htm
xarax\IDH_Alert_CD6_files_not_supported.htm
xarax\IDH_Alert_Clipboard_Problem.htm
xarax\IDH_Alert_Close_open_documents.htm
xarax\IDH_Alert_Delete_Used_Colour.htm
xarax\IDH_Alert_Document_Template.htm
xarax\IDH_Alert_Document_Unsaved.htm
xarax\IDH_Alert_Drawing_too_large_for_CMX_export.htm
xarax\IDH_Alert_Exclude_peripheral_elements.htm
xarax\IDH_Alert_Export_Entire_Spread.htm
xarax\IDH_Alert_Export_to_Existing_File.htm
xarax\IDH_Alert_File_Cannot_All_be_Exported.htm
xarax\IDH_Alert_File_Cannot_All_be_Imported.htm
xarax\IDH_Alert_File_Exists.htm
xarax\IDH_Alert_File_is_Read_Only.htm
xarax\IDH_Alert_File_Not_Found.htm
xarax\IDH_Alert_File_Replace.htm
xarax\IDH_Alert_Fonts_Gallery_Sure_InstallDeinstall.htm
xarax\IDH_Alert_Fonts_Substituted.htm
xarax\IDH_Alert_Fractal_Too_Small.htm
xarax\IDH_Alert_GIF_Transparency_Mask_Creation_Failed.htm
xarax\IDH_Alert_INI_File_Out_of_Date.htm
xarax\IDH_Alert_Invalid_Input_Value.htm
xarax\IDH_Alert_Layer_Delete_Query.htm
xarax\IDH_Alert_Library_Browse_Or_Scan.htm
xarax\IDH_Alert_Library_Cannot_Find_Index.htm
xarax\IDH_Alert_Library_Cannot_Update_Index.htm
xarax\IDH_Alert_Library_Check_Index_Create.htm
xarax\IDH_Alert_Library_Check_Remove.htm
xarax\IDH_Alert_Library_Create_Remote.htm
xarax\IDH_Alert_Library_No_Files.htm
xarax\IDH_Alert_Library_No_Index_File_Gen.htm
xarax\IDH_Alert_Library_No_Index_Skip.htm
xarax\IDH_Alert_Library_Problems_Creating_Index.htm
xarax\IDH_Alert_Library_Thumbnail_Problem.htm
xarax\IDH_Alert_Loading_EPS.htm
xarax\IDH_Alert_Multiple_References_to_a_Bitmap_About_to_be_Deleted.htm
xarax\IDH_Alert_Named_Objects_Overlap.htm
xarax\IDH_Alert_NavBar_File_Exists.htm
xarax\IDH_Alert_No_Result_When_Combining_Shapes.htm
xarax\IDH_Alert_No_Texture_Loaded.htm
xarax\IDH_Alert_Nothing_Selected.htm
xarax\IDH_Alert_Only_named_colors_can_be_spot_colors.htm
xarax\IDH_Alert_Out_of_Memory.htm
xarax\IDH_Alert_Overrun_or_Truncated_File.htm
xarax\IDH_Alert_Overwrite_V1_file_with_a_V1_5.htm
xarax\IDH_Alert_Print_as_bitmap.htm
xarax\IDH_Alert_Problem_Installing_Font.htm
xarax\IDH_Alert_Problem_With_INI_File.htm
xarax\IDH_Alert_Read_Write_Failure.htm
xarax\IDH_Alert_Reinstall_the_Program.htm
xarax\IDH_Alert_Serious_Problem.htm
xarax\IDH_Alert_Set_Current_Attribute.htm
xarax\IDH_Alert_Set_Current_Attribute_Graphic.htm
xarax\IDH_Alert_Set_Current_Attribute_Text.htm
xarax\IDH_Alert_Share_Violation.htm
xarax\IDH_Alert_Spread_Too_Large.htm
xarax\IDH_Alert_This_document_contains_overlapping_transparent_objects.htm
xarax\IDH_Alert_This_Op_Will_Remove_Perspective.htm
xarax\IDH_Alert_Unable_to_Create_File.htm
xarax\IDH_Alert_Unable_to_find_printer_profile.htm
xarax\IDH_Alert_Undo_Warnings.htm
xarax\IDH_Alert_User_Cancelled_Something.htm
xarax\IDH_Alert_Web_Address_Too_Long.htm
xarax\IDH_Alert_XaraFont_Not_Found.htm
xarax\IDH_Alert_You_cannot_create_spot_colors.htm
xarax\IDH_Bitmap_effects_plug_ins.htm
xarax\IDH_Changing_the_Magnetic_Snap_Distances.htm
xarax\IDH_Command_1234.htm
xarax\IDH_Command_About_Studio.htm
xarax\IDH_Command_Add_Shapes.htm
xarax\IDH_Command_Alignment.htm
xarax\IDH_Command_Always_On_Top.htm
xarax\IDH_Command_Animation.htm
xarax\IDH_Command_Apply_ClipView.htm
xarax\IDH_Command_Arrange_Icons.htm
xarax\IDH_Command_Arrange_Views.htm
xarax\IDH_Command_Bars.htm
xarax\IDH_Command_Bitmap_Effects_Brightness_and_Contrast.htm
xarax\IDH_Command_Bitmap_Effects_Flip_and_Rotate.htm
xarax\IDH_Command_Bitmap_Effects_Resize.htm
xarax\IDH_Command_Bitmap_Effects_Special.htm
xarax\IDH_Command_Bitmap_Gallery.htm
xarax\IDH_Command_Bitmap_Tracer.htm
xarax\IDH_Command_Break_Shapes.htm
xarax\IDH_Command_Bring_to_Front.htm
xarax\IDH_Command_Cascade_Views.htm
xarax\IDH_Command_Clear_Selection.htm
xarax\IDH_Command_Clipart_Gallery.htm
xarax\IDH_Command_Clone.htm
xarax\IDH_Command_Close.htm
xarax\IDH_Command_Colour_Editor_Advanced.htm
xarax\IDH_Command_Colour_Gallery.htm
xarax\IDH_Command_Colour_Line.htm
xarax\IDH_Command_Combine_Shapes.htm
xarax\IDH_Command_Composite_Print_Preview.htm
xarax\IDH_Command_Contents.htm
xarax\IDH_Command_Control_Bars.htm
xarax\IDH_Command_Convert_Line_to_Shape.htm
xarax\IDH_Command_Convert_to_Shapes.htm
xarax\IDH_Command_Copy.htm
xarax\IDH_Command_Create_Bitmap_Copy.htm
xarax\IDH_Command_Cut.htm
xarax\IDH_Command_Default_Page_Background.htm
xarax\IDH_Command_Delete.htm
xarax\IDH_Command_Document_Info.htm
xarax\IDH_Command_Duplicate.htm
xarax\IDH_Command_Exit.htm
xarax\IDH_Command_Export.htm
xarax\IDH_Command_Export_Animated_GIF.htm
xarax\IDH_Command_Feather.htm
xarax\IDH_Command_Fill_Gallery.htm
xarax\IDH_Command_Fit_Text_To_Curve.htm
xarax\IDH_Command_Font_Gallery.htm
xarax\IDH_Command_Frame_Gallery.htm
xarax\IDH_Command_Fullscreen.htm
xarax\IDH_Command_Galleries.htm
xarax\IDH_Command_Group.htm
xarax\IDH_Command_Imagesetting.htm
xarax\IDH_Command_Import.htm
xarax\IDH_Command_Import_from_Web.htm
xarax\IDH_Command_Intersect_Shapes.htm
xarax\IDH_Command_Join_Shapes.htm
xarax\IDH_Command_Layer_Gallery.htm
xarax\IDH_Command_Line_Attribute_Gallery.htm
xarax\IDH_Command_Line_Width.htm
xarax\IDH_Command_Move_Backwards.htm
xarax\IDH_Command_Move_Forwards.htm
xarax\IDH_Command_Move_to_Layer_Behind.htm
xarax\IDH_Command_Move_to_Layer_in_Front.htm
xarax\IDH_Command_Move_to_Next_Frame.htm
xarax\IDH_Command_Move_to_Previous_Frame.htm
xarax\IDH_Command_Name_Gallery.htm
xarax\IDH_Command_New.htm
xarax\IDH_Command_New_Animation.htm
xarax\IDH_Command_New_View.htm
xarax\IDH_Command_Open.htm
xarax\IDH_Command_Options.htm
xarax\IDH_Command_Options_General.htm
xarax\IDH_Command_Options_Grid_and_Ruler.htm
xarax\IDH_Command_Options_Internet.htm
xarax\IDH_Command_Options_Mouse.htm
xarax\IDH_Command_Options_Output.htm
xarax\IDH_Command_Options_Page.htm
xarax\IDH_Command_Options_Plugin.htm
xarax\IDH_Command_Options_Print_Layout.htm
xarax\IDH_Command_Options_Scaling.htm
xarax\IDH_Command_Options_Tuneups.htm
xarax\IDH_Command_Options_Units.htm
xarax\IDH_Command_Options_View.htm
xarax\IDH_Command_Overprint_Fill.htm
xarax\IDH_Command_Overprint_Line.htm
xarax\IDH_Command_Paste.htm
xarax\IDH_Command_Paste_at_Same_Position.htm
xarax\IDH_Command_Paste_Attributes.htm
xarax\IDH_Command_Preview_All_Frames.htm
xarax\IDH_Command_Preview_Animation_in_Browser.htm
xarax\IDH_Command_Previous_Zoom.htm
xarax\IDH_Command_Print.htm
xarax\IDH_Command_Print_Borders.htm
xarax\IDH_Command_Print_Options.htm
xarax\IDH_Command_Print_Setup.htm
xarax\IDH_Command_Print_Text_as_Shapes.htm
xarax\IDH_Command_Put_to_Back.htm
xarax\IDH_Command_Quality.htm
xarax\IDH_Command_Remove_Feathering.htm
xarax\IDH_Command_Reverse_Text_on_Curve.htm
xarax\IDH_Command_Rulers.htm
xarax\IDH_Command_Save.htm
xarax\IDH_Command_Save_All.htm
xarax\IDH_Command_Save_As.htm
xarax\IDH_Command_Save_As_Template.htm
xarax\IDH_Command_Scrollbars.htm
xarax\IDH_Command_Select_All.htm
xarax\IDH_Command_Select_End_Frame.htm
xarax\IDH_Command_Select_Next_Frame.htm
xarax\IDH_Command_Select_Previous_Frame.htm
xarax\IDH_Command_Select_Start_Frame.htm
xarax\IDH_Command_Show_Grid.htm
xarax\IDH_Command_Show_Guides.htm
xarax\IDH_Command_Slice_Image.htm
xarax\IDH_Command_Slice_Shapes.htm
xarax\IDH_Command_Snap_To_Grid.htm
xarax\IDH_Command_Snap_to_Guides.htm
xarax\IDH_Command_Snap_To_Objects.htm
xarax\IDH_Command_Status_Line.htm
xarax\IDH_Command_Subtract_Shapes.htm
xarax\IDH_Command_Tip_of_the_Day.htm
xarax\IDH_Command_Undo.htm
xarax\IDH_Command_Ungroup.htm
xarax\IDH_Command_Use_Help_From_CD.htm
xarax\IDH_Command_Web_Address.htm
xarax\IDH_Command_Xara_On_The_Web.htm
xarax\IDH_Command_Zoom.htm
xarax\IDH_Command_Zoom_to_Drawing.htm
xarax\IDH_Command_Zoom_to_Selection.htm
xarax\IDH_Command_Zoom_to_Spread.htm
xarax\IDH_Define_Buttons_dialog_box.htm
xarax\IDH_Definition_Alignment.htm
xarax\IDH_Definition_Animated_GIF.htm
xarax\IDH_Definition_Anti_Aliasing.htm
xarax\IDH_Definition_Application_Control_Menu.htm
xarax\IDH_Definition_Apply_Inside.htm
xarax\IDH_Definition_Aspect_Ratio.htm
xarax\IDH_Definition_ATM.htm
xarax\IDH_Definition_Attribute.htm
xarax\IDH_Definition_Background_Redraw.htm
xarax\IDH_Definition_Bar.htm
xarax\IDH_Definition_Bevelled_Join.htm
xarax\IDH_Definition_Bitmap.htm
xarax\IDH_Definition_Bitmap_Fill.htm
xarax\IDH_Definition_Bitmap_Transparency.htm
xarax\IDH_Definition_Blend.htm
xarax\IDH_Definition_Blend_Tool_Infobar.htm
xarax\IDH_Definition_Blur.htm
xarax\IDH_Definition_Bounding_Box.htm
xarax\IDH_Definition_Bounds_Creation.htm
xarax\IDH_Definition_Bromide.htm
xarax\IDH_Definition_Browser_Palette.htm
xarax\IDH_Definition_Butt_Cap.htm
xarax\IDH_Definition_Button_Palette.htm
xarax\IDH_Definition_Centre_Of_Transformation.htm
xarax\IDH_Definition_Circular_Fill.htm
xarax\IDH_Definition_Circular_Transparency.htm
xarax\IDH_Definition_Clipboard.htm
xarax\IDH_Definition_CMYK.htm
xarax\IDH_Definition_Colour_Model.htm
xarax\IDH_Definition_Compound_Object.htm
xarax\IDH_Definition_Conical_Fill.htm
xarax\IDH_Definition_Conical_Transparency.htm
xarax\IDH_Definition_Contone.htm
xarax\IDH_Definition_Current_Attribute.htm
xarax\IDH_Definition_Current_Fill_Attribute.htm
xarax\IDH_Definition_Current_Layer.htm
xarax\IDH_Definition_Current_Selection.htm
xarax\IDH_Definition_Curve_Handle.htm
xarax\IDH_Definition_Dash.htm
xarax\IDH_Definition_Default_Bitmap.htm
xarax\IDH_Definition_Diameter_Creation.htm
xarax\IDH_Definition_Diamond_Fill.htm
xarax\IDH_Definition_Diamond_Transparency.htm
xarax\IDH_Definition_Dithering.htm
xarax\IDH_Definition_Docked.htm
xarax\IDH_Definition_Document.htm
xarax\IDH_Definition_Document_Control_Menu.htm
xarax\IDH_Definition_Edit_Handle.htm
xarax\IDH_Definition_Ellipse_Tool_Infobar.htm
xarax\IDH_Definition_Elliptical_Fill.htm
xarax\IDH_Definition_Elliptical_Transparency.htm
xarax\IDH_Definition_em.htm
xarax\IDH_Definition_Envelope.htm
xarax\IDH_Definition_EPS.htm
xarax\IDH_Definition_File_Format.htm
xarax\IDH_Definition_Fill.htm
xarax\IDH_Definition_Fill_Arrow.htm
xarax\IDH_Definition_Fill_Handle.htm
xarax\IDH_Definition_Fill_Tool_Infobar.htm
xarax\IDH_Definition_Film.htm
xarax\IDH_Definition_Flat_Fill.htm
xarax\IDH_Definition_Flat_Transparency.htm
xarax\IDH_Definition_Flip.htm
xarax\IDH_Definition_Floating.htm
xarax\IDH_Definition_Folder.htm
xarax\IDH_Definition_Font.htm
xarax\IDH_Definition_Four_Color_Fill.htm
xarax\IDH_Definition_Four_Point_Transparency.htm
xarax\IDH_Definition_Fractal_Fill.htm
xarax\IDH_Definition_Fractal_Transparency.htm
xarax\IDH_Definition_Frame.htm
xarax\IDH_Definition_Freehand_Tool_Infobar.htm
xarax\IDH_Definition_Fullscreen_Mode.htm
xarax\IDH_Definition_Gallery.htm
xarax\IDH_Definition_GIF.htm
xarax\IDH_Definition_Grayscale.htm
xarax\IDH_Definition_Grayscale_Bitmap.htm
xarax\IDH_Definition_Grid.htm
xarax\IDH_Definition_Group.htm
xarax\IDH_Definition_Guide_Objects.htm
xarax\IDH_Definition_Guidelines.htm
xarax\IDH_Definition_Guides_Layer.htm
xarax\IDH_Definition_Handle.htm
xarax\IDH_Definition_HSV.htm
xarax\IDH_Definition_Hue.htm
xarax\IDH_Definition_Image_Map.htm
xarax\IDH_Definition_Imagesetting.htm
xarax\IDH_Definition_Infobar.htm
xarax\IDH_Definition_Interlacing.htm
xarax\IDH_Definition_Interline_Spacing.htm
xarax\IDH_Definition_JPEG.htm
xarax\IDH_Definition_Kern.htm
xarax\IDH_Definition_Key.htm
xarax\IDH_Definition_Keyword.htm
xarax\IDH_Definition_Laplacian.htm
xarax\IDH_Definition_Layer.htm
xarax\IDH_Definition_Line.htm
xarax\IDH_Definition_Linear_Fill.htm
xarax\IDH_Definition_Linear_Transparency.htm
xarax\IDH_Definition_Linked_Colours.htm
xarax\IDH_Definition_Local_Colour.htm
xarax\IDH_Definition_Mirroring.htm
xarax\IDH_Definition_Mitre_Join.htm
xarax\IDH_Definition_Mould.htm
xarax\IDH_Definition_Mould_Handles.htm
xarax\IDH_Definition_Mould_Tool_Infobar.htm
xarax\IDH_Definition_Named_Colour.htm
xarax\IDH_Definition_Normal_Colour.htm
xarax\IDH_Definition_Object.htm
xarax\IDH_Definition_Object_Snapping.htm
xarax\IDH_Definition_Optimised_Palette.htm
xarax\IDH_Definition_Outlining.htm
xarax\IDH_Definition_Overprinting.htm
xarax\IDH_Definition_Page.htm
xarax\IDH_Definition_Panning.htm
xarax\IDH_Definition_Panose.htm
xarax\IDH_Definition_Pasteboard.htm
xarax\IDH_Definition_Perspective.htm
xarax\IDH_Definition_PhotoCD.htm
xarax\IDH_Definition_Point_Handle.htm
xarax\IDH_Definition_PostScript.htm
xarax\IDH_Definition_Print_Shop.htm
xarax\IDH_Definition_Process_Colors.htm
xarax\IDH_Definition_Quality.htm
xarax\IDH_Definition_QuickShape_Tool_Infobar.htm
xarax\IDH_Definition_QuickShapes.htm
xarax\IDH_Definition_Radius_Creation.htm
xarax\IDH_Definition_Redo.htm
xarax\IDH_Definition_Redraw.htm
xarax\IDH_Definition_Registration_Black.htm
xarax\IDH_Definition_Rendering.htm
xarax\IDH_Definition_Restore.htm
xarax\IDH_Definition_RGB.htm
xarax\IDH_Definition_Roberts_Cross.htm
xarax\IDH_Definition_RotateSkew_Mode.htm
xarax\IDH_Definition_Round_Cap.htm
xarax\IDH_Definition_Round_Join.htm
xarax\IDH_Definition_Ruler.htm
xarax\IDH_Definition_Saturation.htm
xarax\IDH_Definition_Scale.htm
xarax\IDH_Definition_Scale_Mode.htm
xarax\IDH_Definition_Screen_Frequency.htm
xarax\IDH_Definition_Scrollbar.htm
xarax\IDH_Definition_Select_Inside.htm
xarax\IDH_Definition_Select_Member.htm
xarax\IDH_Definition_Select_Under.htm
xarax\IDH_Definition_Selection_Handle.htm
xarax\IDH_Definition_Selection_Marker.htm
xarax\IDH_Definition_Selector_Tool_Infobar.htm
xarax\IDH_Definition_Service_Bureau.htm
xarax\IDH_Definition_Shade_Colour.htm
xarax\IDH_Definition_Shape.htm
xarax\IDH_Definition_Shape_Editor_Tool_Infobar.htm
xarax\IDH_Definition_Skew.htm
xarax\IDH_Definition_Snapping.htm
xarax\IDH_Definition_Spot_Color.htm
xarax\IDH_Definition_Spread.htm
xarax\IDH_Definition_Square_Cap.htm
xarax\IDH_Definition_Temp_Directory.htm
xarax\IDH_Definition_Template_Document.htm
xarax\IDH_Definition_Text_Cursor.htm
xarax\IDH_Definition_Text_Object.htm
xarax\IDH_Definition_Three_Color_Fill.htm
xarax\IDH_Definition_Three_Point_Transparency.htm
xarax\IDH_Definition_Tiling.htm
xarax\IDH_Definition_Tint_Colour.htm
xarax\IDH_Definition_Tool.htm
xarax\IDH_Definition_Tracer.htm
xarax\IDH_Definition_Trackbar.htm
xarax\IDH_Definition_Tracking.htm
xarax\IDH_Definition_Transparency.htm
xarax\IDH_Definition_Transparency_Arrow.htm
xarax\IDH_Definition_Transparency_Handle.htm
xarax\IDH_Definition_Transparency_Tool_Infobar.htm
xarax\IDH_Definition_TrueType.htm
xarax\IDH_Definition_Undo.htm
xarax\IDH_Definition_Value.htm
xarax\IDH_Definition_Vector_Format.htm
xarax\IDH_Definition_View.htm
xarax\IDH_Definition_Web_Address.htm
xarax\IDH_Definition_Zoom.htm
xarax\IDH_Definition_Zoom_Tool_Infobar.htm
xarax\IDH_Definitions.htm
xarax\IDH_Dialog_Add_Folder_Add_Button.htm
xarax\IDH_Dialog_Add_Folder_FindCD_Button.htm
xarax\IDH_Dialog_Add_Folder_Update_Button.htm
xarax\IDH_Dialog_Animation_Properties.htm
xarax\IDH_Dialog_Animation_Properties_Animation_Colors.htm
xarax\IDH_Dialog_Animation_Properties_Animation_Looping_and_Speed.htm
xarax\IDH_Dialog_Animation_Properties_Frame_Properties.htm
xarax\IDH_Dialog_Animation_Properties_Preview_in_Browser.htm
xarax\IDH_Dialog_Bitmap_Effects_Insert_Button.htm
xarax\IDH_Dialog_Bitmap_Effects_Test_Button.htm
xarax\IDH_Dialog_Bitmap_Export.htm
xarax\IDH_Dialog_Bitmap_Export_Animated_GIF.htm
xarax\IDH_Dialog_Bitmap_Export_Animated_GIF_Animation_Delay.htm
xarax\IDH_Dialog_Bitmap_Export_Animated_GIF_Animation_Loop.htm
xarax\IDH_Dialog_Bitmap_Export_Animated_GIF_Animation_Restore.htm
xarax\IDH_Dialog_Bitmap_Export_Bitmap_Size.htm
xarax\IDH_Dialog_Bitmap_Export_BMP.htm
xarax\IDH_Dialog_Bitmap_Export_BMP_Compression.htm
xarax\IDH_Dialog_Bitmap_Export_DCX.htm
xarax\IDH_Dialog_Bitmap_Export_Dialog___Browser_Preview.htm
xarax\IDH_Dialog_Bitmap_Export_Dialog___Image_Map.htm
xarax\IDH_Dialog_Bitmap_Export_Dialog_Box___Export_Button.htm
xarax\IDH_Dialog_Bitmap_Export_Dialog_Box___Preview_boxes.htm
xarax\IDH_Dialog_Bitmap_Export_Dithering.htm
xarax\IDH_Dialog_Bitmap_Export_GIF.htm
xarax\IDH_Dialog_Bitmap_Export_GIF_Transparency.htm
xarax\IDH_Dialog_Bitmap_Export_JPEG.htm
xarax\IDH_Dialog_Bitmap_Export_JPEG_Options.htm
xarax\IDH_Dialog_Bitmap_Export_JPEG_Use_Original.htm
xarax\IDH_Dialog_Bitmap_Export_Palette.htm
xarax\IDH_Dialog_Bitmap_Export_PCT.htm
xarax\IDH_Dialog_Bitmap_Export_PCX.htm
xarax\IDH_Dialog_Bitmap_Export_PNG.htm
xarax\IDH_Dialog_Bitmap_Export_PNG_Transparency.htm
xarax\IDH_Dialog_Bitmap_Export_RAS.htm
xarax\IDH_Dialog_Bitmap_Export_Size_and_Resolution.htm
xarax\IDH_Dialog_Bitmap_Export_TGA.htm
xarax\IDH_Dialog_Bitmap_Export_TIFF.htm
xarax\IDH_Dialog_Bitmap_Export_TIFF_Compression.htm
xarax\IDH_Dialog_Bitmap_Export_WPG.htm
xarax\IDH_Dialog_Bitmap_Properties.htm
xarax\IDH_Dialog_Bitmap_Tracer_Accuracy.htm
xarax\IDH_Dialog_Bitmap_Tracer_Default_Button.htm
xarax\IDH_Dialog_Bitmap_Tracer_Final_Color_Tolerance.htm
xarax\IDH_Dialog_Bitmap_Tracer_Initial_Color_Tolerance.htm
xarax\IDH_Dialog_Bitmap_Tracer_Insert_Button.htm
xarax\IDH_Dialog_Bitmap_Tracer_Minimum_Area.htm
xarax\IDH_Dialog_Bitmap_Tracer_Passes.htm
xarax\IDH_Dialog_Bitmap_Tracer_Remove_Noise.htm
xarax\IDH_Dialog_Bitmap_Tracer_Reset_Settings_Button.htm
xarax\IDH_Dialog_Bitmap_Tracer_Save_Settings_Button.htm
xarax\IDH_Dialog_Bitmap_Tracer_Smoothing.htm
xarax\IDH_Dialog_Bitmap_Tracer_Trace_Button.htm
xarax\IDH_Dialog_Bitmap_Tracer_Trace_Mode.htm
xarax\IDH_Dialog_Color_Editor_3D.htm
xarax\IDH_Dialog_Color_Editor_Color_Model.htm
xarax\IDH_Dialog_Color_Editor_Color_to_Edit.htm
xarax\IDH_Dialog_Color_Editor_Color_Type.htm
xarax\IDH_Dialog_Color_Editor_Component_Values.htm
xarax\IDH_Dialog_Color_Editor_New_Named_Color.htm
xarax\IDH_Dialog_Color_Editor_Shades.htm
xarax\IDH_Dialog_Color_Editor_Simple_Options.htm
xarax\IDH_Dialog_Control_Bars_Delete_Button.htm
xarax\IDH_Dialog_Control_Bars_Large_Buttons.htm
xarax\IDH_Dialog_Control_Bars_New_Button.htm
xarax\IDH_Dialog_Control_Bars_Reset_Button.htm
xarax\IDH_Dialog_CorelXARA_EPS_Export.htm
xarax\IDH_Dialog_CorelXARA_EPS_Export_Export_Text_As_Curves.htm
xarax\IDH_Dialog_CorelXARA_EPS_Export_Resolution.htm
xarax\IDH_Dialog_Create_Bitmap_Copy___Palette_Options.htm
xarax\IDH_Dialog_Create_Bitmap_Copy_Background.htm
xarax\IDH_Dialog_Create_Bitmap_Copy_Create.htm
xarax\IDH_Dialog_Create_Bitmap_Copy_Size_and_Resolution.htm
xarax\IDH_Dialog_Edit_Brush.htm
xarax\IDH_Dialog_Edit_Brush_Offset.htm
xarax\IDH_Dialog_Edit_Brush_Properties.htm
xarax\IDH_Dialog_Edit_Brush_Rotation.htm
xarax\IDH_Dialog_Edit_Brush_Scaling.htm
xarax\IDH_Dialog_Edit_Brush_Sequence.htm
xarax\IDH_Dialog_Edit_Brush_Spacing.htm
xarax\IDH_Dialog_Gallery_Add_Folder.htm
xarax\IDH_Dialog_Gallery_Find_Dialog.htm
xarax\IDH_Dialog_Gallery_Find_Find_First_Button.htm
xarax\IDH_Dialog_Gallery_Find_Find_Next_Button.htm
xarax\IDH_Dialog_Gallery_Find_Search_Type.htm
xarax\IDH_Dialog_Gallery_Find_Text.htm
xarax\IDH_Dialog_Gallery_Properties.htm
xarax\IDH_Dialog_Gallery_Sort_Apply_to_All_Sections.htm
xarax\IDH_Dialog_Gallery_Sort_Apply_to_Some_Sections.htm
xarax\IDH_Dialog_Gallery_Sort_Dialog.htm
xarax\IDH_Dialog_Gallery_Sort_Keys.htm
xarax\IDH_Dialog_Guideline_Properties.htm
xarax\IDH_Dialog_Image_Map_Export_Options.htm
xarax\IDH_Dialog_Layer_Properties.htm
xarax\IDH_Dialog_Name_Layer.htm
xarax\IDH_Dialog_Name_Objects.htm
xarax\IDH_Dialog_New_Named_Colour.htm
xarax\IDH_Dialog_Paste_Special.htm
xarax\IDH_Dialog_PhotoCD_Import.htm
xarax\IDH_Dialog_Preview_Animation.htm
xarax\IDH_Dialog_Print_Collate_Copies_Option.htm
xarax\IDH_Dialog_Print_Copies_Field.htm
xarax\IDH_Dialog_Print_Options_Button.htm
xarax\IDH_Dialog_Print_Print_Button.htm
xarax\IDH_Dialog_Print_Print_Objects_Options.htm
xarax\IDH_Dialog_Print_Print_Pages_Options.htm
xarax\IDH_Dialog_Print_Print_To_File_Option.htm
xarax\IDH_Dialog_Print_Printer_Button.htm
xarax\IDH_Dialog_Rename_Colour.htm
xarax\IDH_Dialog_Rename_Objects.htm
xarax\IDH_Dialog_Unit_Properties.htm
xarax\IDH_Dialog_Unit_Properties_Abbreviation.htm
xarax\IDH_Dialog_Unit_Properties_Suffix_Prefix.htm
xarax\IDH_Dialog_Unit_Properties_Unit_Definition.htm
xarax\IDH_Dialog_Unit_Properties_Unit_Name.htm
xarax\IDH_Dialog_Web_Address_Add.htm
xarax\IDH_Dialog_Web_Address_Clickable_Area.htm
xarax\IDH_Dialog_Web_Address_Correct.htm
xarax\IDH_Dialog_Web_Address_Remove.htm
xarax\IDH_Dialog_Web_Address_Target.htm
xarax\IDH_Dialog_Web_Address_URL.htm
xarax\IDH_Dialog_Web_Export.htm
xarax\IDH_Dialog_Web_Export_Area_to_View.htm
xarax\IDH_Dialog_Web_Export_Convert_Text.htm
xarax\IDH_Dialog_Web_Export_Remove_Bitmap.htm
xarax\IDH_Dialog_Web_Export_Remove_Editing_Info.htm
xarax\IDH_Dialog_Web_Export_Remove_Invisible_Layers.htm
xarax\IDH_Dialog_Web_Export_Remove_Unused_Colors.htm
xarax\IDH_Dialog_Web_Export_Use_JPEG_on_Compatible_Bitmaps.htm
xarax\IDH_Dialog_Xar_Export.htm
xarax\IDH_Gallery_Bitmap.htm
xarax\IDH_Gallery_Bitmap_Delete.htm
xarax\IDH_Gallery_Bitmap_Fill.htm
xarax\IDH_Gallery_Bitmap_Insert.htm
xarax\IDH_Gallery_Bitmap_Options.htm
xarax\IDH_Gallery_Bitmap_Popup_Menu.htm
xarax\IDH_Gallery_Bitmap_Properties.htm
xarax\IDH_Gallery_Bitmap_Save.htm
xarax\IDH_Gallery_Bitmap_Trace.htm
xarax\IDH_Gallery_Bitmap_Trans.htm
xarax\IDH_Gallery_Clipart.htm
xarax\IDH_Gallery_Clipart_Add.htm
xarax\IDH_Gallery_Clipart_Empty_Cache.htm
xarax\IDH_Gallery_Clipart_Get_Clipart.htm
xarax\IDH_Gallery_Clipart_Import.htm
xarax\IDH_Gallery_Clipart_Open.htm
xarax\IDH_Gallery_Clipart_Options.htm
xarax\IDH_Gallery_Clipart_Popup_Menu.htm
xarax\IDH_Gallery_Clipart_Remove.htm
xarax\IDH_Gallery_Clipart_Stop_Loading.htm
xarax\IDH_Gallery_Color_Background_Button.htm
xarax\IDH_Gallery_Colour.htm
xarax\IDH_Gallery_Colour_Apply.htm
xarax\IDH_Gallery_Colour_Delete.htm
xarax\IDH_Gallery_Colour_Edit.htm
xarax\IDH_Gallery_Colour_Name.htm
xarax\IDH_Gallery_Colour_New.htm
xarax\IDH_Gallery_Colour_Options.htm
xarax\IDH_Gallery_Colour_Popup_Menu.htm
xarax\IDH_Gallery_Colour_Redefine.htm
xarax\IDH_Gallery_Effects.htm
xarax\IDH_Gallery_Fill.htm
xarax\IDH_Gallery_Fill_Add.htm
xarax\IDH_Gallery_Fill_Background.htm
xarax\IDH_Gallery_Fill_Fill.htm
xarax\IDH_Gallery_Fill_Get_Fills.htm
xarax\IDH_Gallery_Fill_Import.htm
xarax\IDH_Gallery_Fill_Options.htm
xarax\IDH_Gallery_Fill_Popup_Menu.htm
xarax\IDH_Gallery_Fill_Remove.htm
xarax\IDH_Gallery_Fill_Stop_Loading.htm
xarax\IDH_Gallery_Fill_Transparency.htm
xarax\IDH_Gallery_Font.htm
xarax\IDH_Gallery_Font_Add.htm
xarax\IDH_Gallery_Font_Apply.htm
xarax\IDH_Gallery_Font_Deinstall.htm
xarax\IDH_Gallery_Font_Emprt_Web_Font_Cache.htm
xarax\IDH_Gallery_Font_Empty_Web_Cache.htm
xarax\IDH_Gallery_Font_Get_Fonts.htm
xarax\IDH_Gallery_Font_Install.htm
xarax\IDH_Gallery_Font_Options.htm
xarax\IDH_Gallery_Font_Pop_up_Menu.htm
xarax\IDH_Gallery_Font_Remove.htm
xarax\IDH_Gallery_Font_Stop_Loading.htm
xarax\IDH_Gallery_Frame.htm
xarax\IDH_Gallery_Frame_All_Editable_Button.htm
xarax\IDH_Gallery_Frame_All_Visible.htm
xarax\IDH_Gallery_Frame_Background_and_Overlay.htm
xarax\IDH_Gallery_Frame_Copy.htm
xarax\IDH_Gallery_Frame_Delete.htm
xarax\IDH_Gallery_Frame_New.htm
xarax\IDH_Gallery_Frame_Pop_up_menu.htm
xarax\IDH_Gallery_Frame_Preview.htm
xarax\IDH_Gallery_Frame_Properties.htm
xarax\IDH_Gallery_Layer.htm
xarax\IDH_Gallery_Layer_All_Editable.htm
xarax\IDH_Gallery_Layer_All_Visible.htm
xarax\IDH_Gallery_Layer_Copy.htm
xarax\IDH_Gallery_Layer_Delete.htm
xarax\IDH_Gallery_Layer_Guides.htm
xarax\IDH_Gallery_Layer_New.htm
xarax\IDH_Gallery_Layer_Popup_Menu.htm
xarax\IDH_Gallery_Layer_Visible_Editable.htm
xarax\IDH_Gallery_Line.htm
xarax\IDH_Gallery_Line_Arrows.htm
xarax\IDH_Gallery_Line_Cap.htm
xarax\IDH_Gallery_Line_Dash.htm
xarax\IDH_Gallery_Line_Join.htm
xarax\IDH_Gallery_Line_Width.htm
xarax\IDH_Gallery_Name.htm
xarax\IDH_How.htm
xarax\IDH_How_Adding_Arrowheads_to_Lines.htm
xarax\IDH_How_Adding_Clipart_to_the_Clipart_Gallery.htm
xarax\IDH_How_Adding_Custom_Brush_Strokes.htm
xarax\IDH_How_Adding_Dashing_to_Lines.htm
xarax\IDH_How_adding_files_to_a_gallery.htm
xarax\IDH_How_Adding_Fills_to_the_Fill_Gallery.htm
xarax\IDH_How_adding_keywords_etc.htm
xarax\IDH_How_Adding_Points_to_a_LineShape.htm
xarax\IDH_How_Adding_Shapes.htm
xarax\IDH_How_Adding_Web_Addresses_to_Objects.htm
xarax\IDH_How_Advanced_Blending.htm
xarax\IDH_How_Aligning_objects.htm
xarax\IDH_How_Aligning_QuickShape_centres.htm
xarax\IDH_How_Aligning_Text_on_a_Curve.htm
xarax\IDH_How_Altering_Point_Handles.htm
xarax\IDH_How_Anti_aliasing_steps_in_blends.htm
xarax\IDH_How_Applying_a_Mould.htm
xarax\IDH_How_Applying_Attributes_to_a_Selected_Region_Of_Text.htm
xarax\IDH_How_Applying_attributes_to_a_whole_text_object.htm
xarax\IDH_How_Applying_attributes_to_individual_text_characters.htm
xarax\IDH_How_Applying_Attributes_to_Text.htm
xarax\IDH_How_Applying_attributes_to_the_text_cursor.htm
xarax\IDH_How_Applying_Bitmap_Fills.htm
xarax\IDH_How_Applying_Bitmap_Transparency.htm
xarax\IDH_How_Applying_Circular_Fills.htm
xarax\IDH_How_Applying_Circular_Transparency.htm
xarax\IDH_How_Applying_Conical_Fills.htm
xarax\IDH_How_Applying_Conical_Transparency.htm
xarax\IDH_How_Applying_Diamond_Fills.htm
xarax\IDH_How_Applying_diamond_transparency.htm
xarax\IDH_How_Applying_Elliptical_Fills.htm
xarax\IDH_How_Applying_Elliptical_Transparency.htm
xarax\IDH_How_Applying_Fill_Colours.htm
xarax\IDH_How_Applying_Fills.htm
xarax\IDH_How_Applying_Flat_Transparency.htm
xarax\IDH_How_Applying_Four_Color_Fills.htm
xarax\IDH_How_Applying_four_point_transparency.htm
xarax\IDH_How_Applying_Fractal_Fills.htm
xarax\IDH_How_Applying_Fractal_Transparency.htm
xarax\IDH_How_Applying_Line_Colour.htm
xarax\IDH_How_Applying_Linear_Fills.htm
xarax\IDH_How_Applying_Linear_Transparency.htm
xarax\IDH_How_Applying_special_effects_to_bitmaps.htm
xarax\IDH_How_Applying_Three_Color_Fills.htm
xarax\IDH_How_Applying_three_point_transparency.htm
xarax\IDH_How_Applying_Transparency.htm
xarax\IDH_How_Background_Redraw_Option.htm
xarax\IDH_How_Bending_a_Straight_Line.htm
xarax\IDH_How_Bitmap_Fill_Change_Bitmap.htm
xarax\IDH_How_Bitmap_Masking.htm
xarax\IDH_How_Bitmap_Transparency_Resolution.htm
xarax\IDH_How_Blend_Effect.htm
xarax\IDH_How_Blend_Steps.htm
xarax\IDH_How_Blending_Bitmaps.htm
xarax\IDH_How_Blending_Objects.htm
xarax\IDH_How_Breaking_a_LineShape.htm
xarax\IDH_How_Button_Size.htm
xarax\IDH_How_Change_the_colors_of_an_diamond_fill.htm
xarax\IDH_How_Changing_a_Bitmap_Transparency.htm
xarax\IDH_How_Changing_a_Conical_Transparency.htm
xarax\IDH_How_Changing_a_Line_into_a_Shape.htm
xarax\IDH_How_Changing_a_Linear_Transparency.htm
xarax\IDH_How_Changing_a_Mould_Without_Redraw.htm
xarax\IDH_How_Changing_a_Named_Colour.htm
xarax\IDH_How_Changing_an_Ellipse_into_a_Polygon.htm
xarax\IDH_How_Changing_an_Elliptical_Transparency.htm
xarax\IDH_How_Changing_Bitmap_Fill_Colours.htm
xarax\IDH_How_Changing_Bitmap_Fill_Resolution.htm
xarax\IDH_How_Changing_Bitmap_Fill_Tiling.htm
xarax\IDH_How_Changing_Circular_Fill_Colours.htm
xarax\IDH_How_Changing_Circular_Transparency.htm
xarax\IDH_How_Changing_Conical_Fill_Colours.htm
xarax\IDH_How_Changing_CorelXARA_s_memory_requirements.htm
xarax\IDH_How_Changing_Curved_Lines_and_Shapes.htm
xarax\IDH_How_Changing_diamond_fills.htm
xarax\IDH_How_Changing_diamond_transparency.htm
xarax\IDH_How_Changing_Elliptical_Fill_Colours.htm
xarax\IDH_How_Changing_Fill_Type.htm
xarax\IDH_How_Changing_Fills.htm
xarax\IDH_How_Changing_Flat_Transparency.htm
xarax\IDH_How_Changing_four_color_fills.htm
xarax\IDH_How_Changing_four_point_transparency.htm
xarax\IDH_How_Changing_Fractal_Fill_Colours.htm
xarax\IDH_How_Changing_Fractal_Fill_Grain.htm
xarax\IDH_How_Changing_Fractal_Fill_Resolution.htm
xarax\IDH_How_Changing_Fractal_Fill_Tiling.htm
xarax\IDH_How_Changing_Fractal_Transparency.htm
xarax\IDH_How_Changing_Line_Ends.htm
xarax\IDH_How_Changing_Line_Joins.htm
xarax\IDH_How_Changing_Line_Thicknesses.htm
xarax\IDH_How_Changing_Linear_Fill_Colours.htm
xarax\IDH_How_Changing_Shade_Colours.htm
xarax\IDH_How_Changing_Star_Shaped_Polygon_Shape.htm
xarax\IDH_How_Changing_text_font.htm
xarax\IDH_How_Changing_Text_Size.htm
xarax\IDH_How_Changing_the_Aspect_Ratio_of_Text.htm
xarax\IDH_How_Changing_the_background.htm
xarax\IDH_How_Changing_the_Baseline_Shift_of_Text.htm
xarax\IDH_How_Changing_the_Bleed_Setting.htm
xarax\IDH_How_Changing_the_brightness_and_contrast_of_bitmaps.htm
xarax\IDH_How_Changing_the_Color_Units.htm
xarax\IDH_How_Changing_the_colors_in_a_four_color_fill.htm
xarax\IDH_How_Changing_the_colors_of_three_color_fills.htm
xarax\IDH_How_Changing_the_colour_of_guides.htm
xarax\IDH_How_Changing_the_constrain_angle.htm
xarax\IDH_How_Changing_the_default_paper_size.htm
xarax\IDH_How_Changing_the_duplication_distance.htm
xarax\IDH_How_Changing_the_Fill_Effect.htm
xarax\IDH_How_Changing_the_font_units.htm
xarax\IDH_How_Changing_the_gallery_cache_size.htm
xarax\IDH_How_Changing_the_Grid_Spacing.htm
xarax\IDH_How_Changing_the_Line_Spacing_of_Text.htm
xarax\IDH_How_Changing_the_nudge_size.htm
xarax\IDH_How_Changing_the_page_units.htm
xarax\IDH_How_Changing_the_paper_size.htm
xarax\IDH_How_Changing_the_Quality_Setting.htm
xarax\IDH_How_Changing_the_ruler_zero_point.htm
xarax\IDH_How_Changing_the_screen_dithering.htm
xarax\IDH_How_Changing_the_selection_with_the_Tab_key.htm
xarax\IDH_How_Changing_the_Shape_of_the_Grid.htm
xarax\IDH_How_Changing_the_Size_of_the_Pasteboard.htm
xarax\IDH_How_Changing_The_Template_Document.htm
xarax\IDH_How_Changing_the_tiling_of_a_three_color_fill.htm
xarax\IDH_How_Changing_the_tiling_of_four_color_fills.htm
xarax\IDH_How_Changing_the_Tracking_of_Text.htm
xarax\IDH_How_Changing_the_undo_size.htm
xarax\IDH_How_Changing_three_color_fills.htm
xarax\IDH_How_Changing_three_point_transparency.htm
xarax\IDH_How_Changing_Tranparency.htm
xarax\IDH_How_Changing_Transparency_Shape.htm
xarax\IDH_How_Closing_A_Gallery.htm
xarax\IDH_How_Colour_Line_Moving_Colours.htm
xarax\IDH_How_Colour_Line_Size.htm
xarax\IDH_How_Colouring_Objects.htm
xarax\IDH_How_Concentric_Circles.htm
xarax\IDH_How_Configuring_a_web_server_for_Xara_file.htm
xarax\IDH_How_Configuring_the_mouse_buttons.htm
xarax\IDH_How_Configuring_the_program_so_new_objects_have_the_most_recent_attributes.htm
xarax\IDH_How_Configuring_the_program_to_ask_before_closing_views.htm
xarax\IDH_How_Configuring_the_program_to_ask_before_setting_the_current_attributes.htm
xarax\IDH_How_Converting_bitmaps_to_shapes.htm
xarax\IDH_How_Converting_Blends_to_Shapes.htm
xarax\IDH_How_Converting_groups_to_shapes.htm
xarax\IDH_How_Converting_Moulds_to_Shapes.htm
xarax\IDH_How_Copying_colour_to_another_object.htm
xarax\IDH_How_Copying_frames.htm
xarax\IDH_How_Copying_Layers.htm
xarax\IDH_How_Copying_Objects.htm
xarax\IDH_How_Copying_Objects_That_Use_Connected_Colours.htm
xarax\IDH_How_Creating_a_Custom_Unit.htm
xarax\IDH_How_Creating_a_Double_Page_Spread.htm
xarax\IDH_How_Creating_a_named_color_from_an_object.htm
xarax\IDH_How_Creating_a_named_colour.htm
xarax\IDH_How_Creating_a_Shade_Colour.htm
xarax\IDH_How_Creating_animated_GIF_files.htm
xarax\IDH_How_Creating_bitmaps.htm
xarax\IDH_How_Creating_bitmaps_from_objects.htm
xarax\IDH_How_Creating_BMP_files.htm
xarax\IDH_How_Creating_column_text.htm
xarax\IDH_How_Creating_Custom_Fills.htm
xarax\IDH_How_Creating_Custom_Mould_Shapes.htm
xarax\IDH_How_Creating_Custom_Transparencies.htm
xarax\IDH_How_Creating_DCX_files.htm
xarax\IDH_How_Creating_frames.htm
xarax\IDH_How_Creating_GIF_files.htm
xarax\IDH_How_Creating_guidelines.htm
xarax\IDH_How_Creating_JPEG_files.htm
xarax\IDH_How_Creating_layers.htm
xarax\IDH_how_creating_multicolor_fills.htm
xarax\IDH_How_Creating_New_Documents.htm
xarax\IDH_How_Creating_Objects_with_Holes.htm
xarax\IDH_How_Creating_PCX_files.htm
xarax\IDH_How_Creating_PICT_files.htm
xarax\IDH_How_Creating_PNG_files.htm
xarax\IDH_How_Creating_RAS_files.htm
xarax\IDH_How_Creating_simple_pattern_fills.htm
xarax\IDH_How_Creating_simple_text.htm
xarax\IDH_How_Creating_small_XAR_and_WEB_files.htm
xarax\IDH_How_Creating_spot_colors.htm
xarax\IDH_How_Creating_Superscript_and_Subscript.htm
xarax\IDH_How_Creating_TARGA_files.htm
xarax\IDH_How_Creating_the_guides_layer.htm
xarax\IDH_How_Creating_TIFF_files.htm
xarax\IDH_How_Creating_WPG_files.htm
xarax\IDH_How_Creating_Xara_Web_files.htm
xarax\IDH_How_Curved_Corners_on_a_Rectangle.htm
xarax\IDH_How_Customizing_the_appearance_of_CorelXARA.htm
xarax\IDH_How_Cycling_the_Selected_Point_Handles.htm
xarax\IDH_How_Deinstalling_a_Font.htm
xarax\IDH_How_Deleting_a_custom_unit.htm
xarax\IDH_How_Deleting_a_Named_Colour.htm
xarax\IDH_How_Deleting_Bitmaps.htm
xarax\IDH_How_Deleting_Control_Bars.htm
xarax\IDH_How_Deleting_frames.htm
xarax\IDH_How_Deleting_guidelines.htm
xarax\IDH_How_Deleting_Layers.htm
xarax\IDH_How_Deleting_Objects.htm
xarax\IDH_How_Deleting_Points_on_LinesShapes.htm
xarax\IDH_How_Deleting_the_guides_layer.htm
xarax\IDH_How_Deselect_All_Point_Handles.htm
xarax\IDH_How_Deselecting_objects.htm
xarax\IDH_How_Deselecting_One_Object.htm
xarax\IDH_How_Deslecting_All_Objects.htm
xarax\IDH_How_Displaying_and_hiding_control_bars.htm
xarax\IDH_How_Displaying_and_hiding_guides.htm
xarax\IDH_How_Displaying_Hidden_Buttons.htm
xarax\IDH_How_Displaying_The_Grid.htm
xarax\IDH_How_Displaying_the_Print_Borders.htm
xarax\IDH_How_Displaying_the_rulers.htm
xarax\IDH_How_Drawing_a_Line.htm
xarax\IDH_How_Drawing_a_Line_Freehand_Tool.htm
xarax\IDH_How_Drawing_a_Line_Pen_Tool.htm
xarax\IDH_How_Drawing_a_Line_Shape_Editor_Tool.htm
xarax\IDH_How_Drawing_a_Shape.htm
xarax\IDH_How_Drawing_a_Shape_with_the_Freehand_Tool.htm
xarax\IDH_How_Drawing_a_Shape_with_the_Pen_Tool.htm
xarax\IDH_How_Drawing_a_Shape_With_the_Shape_Editor_Tool.htm
xarax\IDH_How_Drawing_Ellipses.htm
xarax\IDH_How_Drawing_Polygons.htm
xarax\IDH_How_Drawing_Rectangles.htm
xarax\IDH_How_Drawing_Stellated_Shapes.htm
xarax\IDH_How_Editing_Bitmap_Fills.htm
xarax\IDH_How_Editing_Bitmaps.htm
xarax\IDH_How_Editing_Circular_Fills.htm
xarax\IDH_How_Editing_colors_in_CMYK.htm
xarax\IDH_How_Editing_Colors_in_Grayscale.htm
xarax\IDH_How_Editing_Colors_in_HSV.htm
xarax\IDH_How_Editing_colors_in_RGB.htm
xarax\IDH_How_Editing_Conical_Fills.htm
xarax\IDH_How_Editing_Elliptical_Fills.htm
xarax\IDH_How_Editing_Fractal_Fills.htm
xarax\IDH_How_Editing_Linear_Fills.htm
xarax\IDH_How_Editing_moulded_text.htm
xarax\IDH_How_Editing_Text.htm
xarax\IDH_How_Enabling_Edit_Handles.htm
xarax\IDH_How_Enabling_Fill_Handles.htm
xarax\IDH_How_Enabling_Grid_Snapping.htm
xarax\IDH_How_Enabling_guide_snapping.htm
xarax\IDH_How_Enabling_Interactive_Fill_Dragging.htm
xarax\IDH_How_Enabling_Object_Snapping.htm
xarax\IDH_How_Enabling_Selection_Handles.htm
xarax\IDH_How_Ensuring_the_current_layer_is_always_editable.htm
xarax\IDH_How_Entering_Text.htm
xarax\IDH_How_Exporting_CMX_files.htm
xarax\IDH_How_Exporting_documents.htm
xarax\IDH_How_Exporting_image_maps.htm
xarax\IDH_How_Exporting_part_of_a_document.htm
xarax\IDH_How_Exporting_WMF.htm
xarax\IDH_How_Extending_a_Line.htm
xarax\IDH_How_Extending_a_Line_Freehand_Tool.htm
xarax\IDH_How_Extending_a_Line_Pen_Tool.htm
xarax\IDH_How_Extending_a_Line_Shape_Editor_Tool.htm
xarax\IDH_How_Finding_Clipart.htm
xarax\IDH_How_Fitting_Text_to_a_Curve.htm
xarax\IDH_How_Flipping.htm
xarax\IDH_How_Flipping_and_rotating_bitmaps.htm
xarax\IDH_How_Forwards_and_Backwards.htm
xarax\IDH_How_Fractal_Transparency_Resolution.htm
xarax\IDH_How_Freehand_Erasing.htm
xarax\IDH_How_Freehand_Smoothing.htm
xarax\IDH_How_Freehand_Straight.htm
xarax\IDH_How_Full_Screen.htm
xarax\IDH_How_Gallery_Display_Format.htm
xarax\IDH_How_Getting_Help.htm
xarax\IDH_How_Grouping_Objects.htm
xarax\IDH_How_Hiding_Layers.htm
xarax\IDH_How_Hiding_Scrollbars.htm
xarax\IDH_How_Hiding_the_Colour_Line.htm
xarax\IDH_How_Hiding_the_Line_in_Text_on_a_Curve.htm
xarax\IDH_How_Hiding_the_page_shadow.htm
xarax\IDH_How_Hiding_the_Status_Line.htm
xarax\IDH_How_Importing_animated_GIF_files.htm
xarax\IDH_How_Importing_CDR.htm
xarax\IDH_How_Importing_CMX_files.htm
xarax\IDH_How_Importing_Colours.htm
xarax\IDH_How_Importing_Files.htm
xarax\IDH_How_Importing_files_with_layers.htm
xarax\IDH_How_Importing_images_from_the_Web.htm
xarax\IDH_How_Importing_PhotoCD_files.htm
xarax\IDH_How_Increasing_the_available_screen_area.htm
xarax\IDH_How_Installing_a_Font.htm
xarax\IDH_How_Intersecting_Shapes.htm
xarax\IDH_How_Inverting_a_Greyscale_Bitmap.htm
xarax\IDH_How_Joining_Lines.htm
xarax\IDH_How_Justifying_text.htm
xarax\IDH_How_Kerning_text.htm
xarax\IDH_How_Light_Source.htm
xarax\IDH_How_Lighting_Effects.htm
xarax\IDH_How_Line_Length_and_Angle.htm
xarax\IDH_How_Listing_the_positions_of_guidelines.htm
xarax\IDH_How_Loading_Files.htm
xarax\IDH_How_Locking_a_Layer.htm
xarax\IDH_How_Locking_Handles_on_Edges.htm
xarax\IDH_How_Making_Text_Bold.htm
xarax\IDH_How_Making_Text_Italic.htm
xarax\IDH_How_Motion_Blur.htm
xarax\IDH_How_Moving.htm
xarax\IDH_How_Moving_a_Point_on_a_Line.htm
xarax\IDH_How_Moving_Accurately.htm
xarax\IDH_How_Moving_and_Copying_Buttons.htm
xarax\IDH_How_Moving_and_Resizing_Bars.htm
xarax\IDH_How_Moving_and_Resizing_Galleries.htm
xarax\IDH_How_Moving_between_documents.htm
xarax\IDH_How_Moving_Bitmap_Fill_Handles.htm
xarax\IDH_How_Moving_by_Dragging.htm
xarax\IDH_How_Moving_diamond_fill_handles.htm
xarax\IDH_How_Moving_Fill_Handles.htm
xarax\IDH_How_Moving_four_color_fill_handles.htm
xarax\IDH_How_Moving_four_point_transparency_handles.htm
xarax\IDH_How_Moving_Fractal_Fill_Handles.htm
xarax\IDH_How_Moving_Fractal_Transparency_Handles.htm
xarax\IDH_How_Moving_guidelines.htm
xarax\IDH_How_Moving_handles_to_the_center_of_quickshapes.htm
xarax\IDH_How_Moving_objects_between_frames.htm
xarax\IDH_How_Moving_objects_to_the_guides_layer.htm
xarax\IDH_How_Moving_Oobjects_Between_Layers.htm
xarax\IDH_How_Moving_Points_on_a_Line.htm
xarax\IDH_How_Moving_Points_on_LinesShapes.htm
xarax\IDH_How_Moving_QuickShapes.htm
xarax\IDH_How_Moving_Text_Around_a_Curve.htm
xarax\IDH_How_Moving_the_Page.htm
xarax\IDH_How_Moving_the_Transformation_Center.htm
xarax\IDH_How_Moving_three_color_fill_handles.htm
xarax\IDH_How_Moving_three_point_transparency_handles.htm
xarax\IDH_How_Moving_Transparency_Handles.htm
xarax\IDH_How_Multistage_Blends.htm
xarax\IDH_How_New_Control_Bars.htm
xarax\IDH_How_Nudging_objects_and_handles.htm
xarax\IDH_How_Opening_another_view_on_a_document.htm
xarax\IDH_How_Opening_Documents.htm
xarax\IDH_How_Optimizing_CAMELOT_for_your_Internet_connection.htm
xarax\IDH_How_Outline_on_a_Bitmap.htm
xarax\IDH_How_Overprinting_Objects.htm
xarax\IDH_How_Parallel_Lines.htm
xarax\IDH_How_Pasting.htm
xarax\IDH_How_Pasting_Attributes.htm
xarax\IDH_How_Placing_on_the_Clipboard.htm
xarax\IDH_How_Polygon_Corner_Curvature.htm
xarax\IDH_How_Polygon_Curved_Corners.htm
xarax\IDH_How_Polygon_Edge_Warping.htm
xarax\IDH_How_Polygon_into_an_Ellipse.htm
xarax\IDH_How_Polygon_Stellate.htm
xarax\IDH_How_Previewing_animated_GIF_files.htm
xarax\IDH_How_Previewing_bitmaps.htm
xarax\IDH_How_Previous_Zoom.htm
xarax\IDH_How_Printing_Documents.htm
xarax\IDH_How_Printing_Getting_Your_Job_Printed.htm
xarax\IDH_How_Printing_Multiple_Copies.htm
xarax\IDH_How_Printing_Ordering_Proofs.htm
xarax\IDH_How_Printing_Spot_versus_Process.htm
xarax\IDH_How_Printing_Text.htm
xarax\IDH_How_Putting_Web_files_on_the_Web.htm
xarax\IDH_How_QuickShape_Sides.htm
xarax\IDH_How_QuickShapes_to_Shapes.htm
xarax\IDH_How_QuickViewing_CorelXARA_documents.htm
xarax\IDH_How_Re_ordering_Layers.htm
xarax\IDH_How_Rectangle_Corner_Curvature.htm
xarax\IDH_How_Rectangle_to_Ellipse.htm
xarax\IDH_How_Redrawing_LineShape.htm
xarax\IDH_How_Reducing_the_Size_of_Bitmaps_in_Bitmap_Fills.htm
xarax\IDH_How_Removing_a_Blend.htm
xarax\IDH_How_Removing_a_Mould.htm
xarax\IDH_How_Removing_Objects_From_Groups.htm
xarax\IDH_How_Removing_Text_From_a_Curve.htm
xarax\IDH_How_Removing_Web_Addresses_from_Objects.htm
xarax\IDH_How_Renaming_a_layer.htm
xarax\IDH_How_Renaming_a_Named_Colour.htm
xarax\IDH_How_Reordering_frames.htm
xarax\IDH_How_Reordering_Gallery_Items.htm
xarax\IDH_How_Reordering_Gallery_Sections.htm
xarax\IDH_How_Reshaping_an_Envelope.htm
xarax\IDH_How_Reshaping_perspective_moulds.htm
xarax\IDH_How_Reshaping_Text_on_a_Curve.htm
xarax\IDH_How_Resizing_paragraph_text.htm
xarax\IDH_How_Restoring_and_Removing_Buttons.htm
xarax\IDH_How_Reverse_Text_on_a_Curve.htm
xarax\IDH_How_Rotating.htm
xarax\IDH_How_Rotating_Accurately.htm
xarax\IDH_How_Rotating_by_Dragging.htm
xarax\IDH_How_Rotating_column_text.htm
xarax\IDH_How_Rotating_Ellipses.htm
xarax\IDH_How_Rotating_Rectangles.htm
xarax\IDH_How_Rotating_the_Contents_of_a_Mould.htm
xarax\IDH_How_Saving_From_the_Bitmap_Gallery.htm
xarax\IDH_How_Savng_Documents.htm
xarax\IDH_How_Scaling.htm
xarax\IDH_How_Scaling_Accurately.htm
xarax\IDH_How_Scaling_and_Rotating_QuickShapes.htm
xarax\IDH_How_Scaling_by_Dragging.htm
xarax\IDH_How_Scaling_Ellipses.htm
xarax\IDH_How_Scaling_Rectangles.htm
xarax\IDH_How_Scrollbars.htm
xarax\IDH_How_Searching_a_Gallery.htm
xarax\IDH_How_Select_All_Point_Handles.htm
xarax\IDH_How_Select_Under.htm
xarax\IDH_How_Selecting.htm
xarax\IDH_How_Selecting_a_Member.htm
xarax\IDH_How_Selecting_a_Single_Point_Handle.htm
xarax\IDH_How_Selecting_All_Objects.htm
xarax\IDH_How_Selecting_Difficult_Objects.htm
xarax\IDH_How_Selecting_Gallery_Items.htm
xarax\IDH_How_Selecting_Objects_in_Objects.htm
xarax\IDH_How_Selecting_Point_Handles.htm
xarax\IDH_How_Selecting_Several_Objects.htm
xarax\IDH_How_Selecting_Several_Point_Handles.htm
xarax\IDH_How_Selecting_Single_Object.htm
xarax\IDH_How_Selecting_Text.htm
xarax\IDH_How_Selecting_Text_Characters.htm
xarax\IDH_How_Selecting_Text_Lines.htm
xarax\IDH_How_Selecting_Text_Objects.htm
xarax\IDH_How_Selecting_Text_Regions.htm
xarax\IDH_How_Set_Current_Attributes_with_an_Object.htm
xarax\IDH_How_Setting_Document_Options.htm
xarax\IDH_How_Setting_Program_Options.htm
xarax\IDH_How_Setting_the_Color_Model_for_Local_Colors.htm
xarax\IDH_How_Setting_the_Current_Attributes.htm
xarax\IDH_How_Setting_the_Current_Layer.htm
xarax\IDH_How_Showing_library_colors_on_the_Color_Line.htm
xarax\IDH_How_Skew_Accurately.htm
xarax\IDH_How_Skew_by_Dragging.htm
xarax\IDH_How_Skewing.htm
xarax\IDH_How_Slicing_Shapes.htm
xarax\IDH_How_Smoothing_a_LineShape.htm
xarax\IDH_How_Spacing_buttons_on_control_bars.htm
xarax\IDH_How_Straightening_curved_line_segments.htm
xarax\IDH_How_Stretching.htm
xarax\IDH_How_Stretching_Ellipses.htm
xarax\IDH_How_Stretching_Rectangles.htm
xarax\IDH_How_Subtracting_Shapes.htm
xarax\IDH_How_Swapping_the_Selection_of_a_Point_Hande.htm
xarax\IDH_How_Switching_Selection_Handle_Mode.htm
xarax\IDH_How_Temporary_Selector_Use.htm
xarax\IDH_How_Text_to_Shapes.htm
xarax\IDH_How_Text_Tool_Shortcuts.htm
xarax\IDH_How_Timed_Redraw.htm
xarax\IDH_How_Tip_of_the_Day.htm
xarax\IDH_How_Tracer_Troubleshooting.htm
xarax\IDH_How_Tracer_Troubleshooting_Sharp_edges_look_blurred.htm
xarax\IDH_How_Tracer_Troubleshooting_Thrashing.htm
xarax\IDH_How_Tracer_Troubleshooting_Too_Many_Handles.htm
xarax\IDH_How_Tracer_Troubleshooting_Too_Many_Shapes.htm
xarax\IDH_How_Tracer_Troubleshooting_Too_much_detail.htm
xarax\IDH_How_Tracer_Troubleshooting_Trace_missing_small_areas.htm
xarax\IDH_How_Tracer_Troubleshooting_Trace_Not_Accurate_Enough.htm
xarax\IDH_How_Tracer_Troubleshooting_Tracing_is_too_slow.htm
xarax\IDH_How_Tracing_a_Bitmap.htm
xarax\IDH_How_Transparency_Bitmap_Change.htm
xarax\IDH_How_Transparent_Lines.htm
xarax\IDH_How_Typing_International_characters.htm
xarax\IDH_How_Typing_Text_onto_a_Curve.htm
xarax\IDH_How_Undoing_and_Redoing_Operations.htm
xarax\IDH_How_Ungrouping_Objects.htm
xarax\IDH_How_updating_a_gallery.htm
xarax\IDH_How_Using_rulers.htm
xarax\IDH_How_Using_the_Printer_Colors.htm
xarax\IDH_How_Using_the_Push_Tool_Temporarily.htm
xarax\IDH_How_View_Whole_Drawing.htm
xarax\IDH_How_View_Whole_Page.htm
xarax\IDH_How_Viewing_Document_Information.htm
xarax\IDH_How_Viewing_several_document_at_once.htm
xarax\IDH_How_Warping_Rectangle_Edges.htm
xarax\IDH_How_Zoom_Temporary.htm
xarax\IDH_How_Zoom_to_Selection.htm
xarax\IDH_How_Zooming_in_and_out.htm
xarax\IDH_Menu_Arrange.htm
xarax\IDH_Menu_Edit.htm
xarax\IDH_Menu_File.htm
xarax\IDH_Menu_Help.htm
xarax\IDH_Menu_Plugin.htm
xarax\IDH_Menu_Utilities.htm
xarax\IDH_Menu_Window.htm
xarax\IDH_Message__Bevel_already_applied.htm
xarax\IDH_Message__Contour_already_applied.htm
xarax\IDH_Misc_Arrange_Control_Bar.htm
xarax\IDH_Misc_Basics.htm
xarax\IDH_Misc_Button_Palette_Control_Bar.htm
xarax\IDH_Misc_Buttons.htm
xarax\IDH_Misc_Colour_Editor.htm
xarax\IDH_Misc_Colour_Editor_Linked_Colours.htm
xarax\IDH_Misc_Colour_Editor_Menu.htm
xarax\IDH_Misc_Colour_Editor_Normal_Colours.htm
xarax\IDH_Misc_Colour_Editor_Shade_Colours.htm
xarax\IDH_Misc_Colour_Editor_Spot_Colors.htm
xarax\IDH_Misc_Colour_Editor_Tint_Colours.htm
xarax\IDH_Misc_Edit_Control_Bar.htm
xarax\IDH_Misc_File_Control_Bar.htm
xarax\IDH_Misc_Gaddesden.htm
xarax\IDH_Misc_Gallery_Control_Bar.htm
xarax\IDH_Misc_General_Control_Bar.htm
xarax\IDH_Misc_GIF_Animation_Control_Bar.htm
xarax\IDH_Misc_Imagesetting_Control_Bar.htm
xarax\IDH_Misc_Importing_GIFs.htm
xarax\IDH_Misc_Introduction.htm
xarax\IDH_Misc_Key_Shortcuts.htm
xarax\IDH_Misc_Keyboard_Use.htm
xarax\IDH_Misc_Menus.htm
xarax\IDH_Misc_Menus_and_Buttons.htm
xarax\IDH_Misc_Mouse_Use.htm
xarax\IDH_Misc_Standard_Control_Bar.htm
xarax\IDH_Misc_Supported_Formats.htm
xarax\IDH_Misc_Tools.htm
xarax\IDH_Misc_Whats_Under_Development.htm
xarax\IDH_Misc_Window_Control_Bar.htm
xarax\IDH_Misc_Xara_Ltd.htm
xarax\IDH_Name_Gallery_Extend_Dialog_Box.htm
xarax\IDH_Name_Gallery_New_Button.htm
xarax\IDH_NavBar_Create_Dialog_Box.htm
xarax\IDH_NavBar_Edit_Design_Dialog_Box.htm
xarax\IDH_NavBar_Edit_States_Dialog_Box.htm
xarax\IDH_Overview_Attributes.htm
xarax\IDH_Overview_Bars.htm
xarax\IDH_Overview_Bitmaps.htm
xarax\IDH_Overview_Blends.htm
xarax\IDH_Overview_Color_Line.htm
xarax\IDH_Overview_Colors.htm
xarax\IDH_Overview_Contours.htm
xarax\IDH_Overview_CorelXARA_EPS.htm
xarax\IDH_Overview_Customization.htm
xarax\IDH_Overview_Fills.htm
xarax\IDH_Overview_Galleries.htm
xarax\IDH_Overview_Guides.htm
xarax\IDH_Overview_Image_Maps.htm
xarax\IDH_Overview_Infobar.htm
xarax\IDH_Overview_Internet_Bitmaps.htm
xarax\IDH_Overview_Layers.htm
xarax\IDH_Overview_Lines_and_Shapes.htm
xarax\IDH_Overview_Magnetic_Snapping.htm
xarax\IDH_Overview_Molds.htm
xarax\IDH_Overview_OLE.htm
xarax\IDH_Overview_Overprinting.htm
xarax\IDH_Overview_Popup_Menus.htm
xarax\IDH_Overview_Printing.htm
xarax\IDH_Overview_QuickShapes.htm
xarax\IDH_Overview_Rollovers.htm
xarax\IDH_Overview_Status_Line.htm
xarax\IDH_Overview_Text.htm
xarax\IDH_Overview_Transparency.htm
xarax\IDH_Overview_Units.htm
xarax\IDH_Overview_Web_Address.htm
xarax\IDH_Overview_Web_Files.htm
xarax\IDH_Pop_up_Menu.htm
xarax\IDH_Popup_Blend.htm
xarax\IDH_Popup_Guideline.htm
xarax\IDH_Popup_Line.htm
xarax\IDH_PopUp_Menu.htm
xarax\IDH_Popup_Mould.htm
xarax\IDH_Popup_Point_Handle.htm
xarax\IDH_Popup_Point_Handle_Deselect_All_Handles.htm
xarax\IDH_Popup_Point_Handle_Select_All_Points.htm
xarax\IDH_Popup_QuickShape.htm
xarax\IDH_Popup_Ruler.htm
xarax\IDH_Popup_Selection.htm
xarax\IDH_Popup_Text.htm
xarax\IDH_Popup_View.htm
xarax\IDH_Save_Template_Dialog.htm
xarax\IDH_Selector_Tool_New_Name_Button.htm
xarax\IDH_Tool_Bevel.htm
xarax\IDH_Tool_Blend.htm
xarax\IDH_Tool_Blend_Anti_Alias.htm
xarax\IDH_Tool_Blend_Effect.htm
xarax\IDH_Tool_Blend_One_to_One.htm
xarax\IDH_Tool_Blend_Remove.htm
xarax\IDH_Tool_Blend_Steps.htm
xarax\IDH_Tool_Contour.htm
xarax\IDH_Tool_Ellipse.htm
xarax\IDH_Tool_Ellipse_Bounds_Creation.htm
xarax\IDH_Tool_Ellipse_Diameter_Creation.htm
xarax\IDH_Tool_Ellipse_Mode.htm
xarax\IDH_Tool_Ellipse_Parameters.htm
xarax\IDH_Tool_Ellipse_Radius_Creation.htm
xarax\IDH_Tool_Fill.htm
xarax\IDH_Tool_Fill_Bitmap.htm
xarax\IDH_Tool_Fill_Bitmap_Colour.htm
xarax\IDH_Tool_Fill_Effect.htm
xarax\IDH_Tool_Fill_Grain.htm
xarax\IDH_Tool_Fill_Handle_Colour.htm
xarax\IDH_Tool_Fill_Resolution.htm
xarax\IDH_Tool_Fill_Tiling.htm
xarax\IDH_Tool_Fill_Type.htm
xarax\IDH_Tool_Freehand.htm
xarax\IDH_Tool_Freehand_Refit.htm
xarax\IDH_Tool_Freehand_Smoothing.htm
xarax\IDH_Tool_Mould.htm
xarax\IDH_Tool_Mould_Banner_Envelope.htm
xarax\IDH_Tool_Mould_Ceiling_Perspective.htm
xarax\IDH_Tool_Mould_Circular_Envelope.htm
xarax\IDH_Tool_Mould_Concave_Envelope.htm
xarax\IDH_Tool_Mould_Copy_Mould.htm
xarax\IDH_Tool_Mould_Default_Envelope.htm
xarax\IDH_Tool_Mould_Default_Perspective.htm
xarax\IDH_Tool_Mould_Detach.htm
xarax\IDH_Tool_Mould_Elliptical_Envelope.htm
xarax\IDH_Tool_Mould_Floor_Perspective.htm
xarax\IDH_Tool_Mould_Grid.htm
xarax\IDH_Tool_Mould_Left_Perspective.htm
xarax\IDH_Tool_Mould_Paste_Envelope.htm
xarax\IDH_Tool_Mould_Paste_Perspective.htm
xarax\IDH_Tool_Mould_Remove.htm
xarax\IDH_Tool_Mould_Right_Perspective.htm
xarax\IDH_Tool_Mould_Rotate.htm
xarax\IDH_Tool_NavBar.htm
xarax\IDH_Tool_Pen.htm
xarax\IDH_Tool_Push.htm
xarax\IDH_Tool_QuickShape.htm
xarax\IDH_Tool_QuickShape_Bounds_Creation.htm
xarax\IDH_Tool_QuickShape_Curved_Corners.htm
xarax\IDH_Tool_QuickShape_Diameter_Creation.htm
xarax\IDH_Tool_QuickShape_Ellipse.htm
xarax\IDH_Tool_QuickShape_Flatten.htm
xarax\IDH_Tool_QuickShape_Mode.htm
xarax\IDH_Tool_QuickShape_Parameters.htm
xarax\IDH_Tool_QuickShape_Polygon.htm
xarax\IDH_Tool_QuickShape_Radius_Creation.htm
xarax\IDH_Tool_QuickShape_Sides.htm
xarax\IDH_Tool_QuickShape_Star.htm
xarax\IDH_Tool_Rectangle.htm
xarax\IDH_Tool_Rectangle_Bounds_Creation.htm
xarax\IDH_Tool_Rectangle_Curved_Corners.htm
xarax\IDH_Tool_Rectangle_Diameter_Creation.htm
xarax\IDH_Tool_Rectangle_Mode.htm
xarax\IDH_Tool_Rectangle_Parameters.htm
xarax\IDH_Tool_Rectangle_Radius_Creation.htm
xarax\IDH_Tool_Selector.htm
xarax\IDH_Tool_Selector_Aspect_Lock.htm
xarax\IDH_Tool_Selector_Dimensions.htm
xarax\IDH_Tool_Selector_Edit_Handles.htm
xarax\IDH_Tool_Selector_Fill_Handles.htm
xarax\IDH_Tool_Selector_Flip.htm
xarax\IDH_Tool_Selector_Position.htm
xarax\IDH_Tool_Selector_Rotation.htm
xarax\IDH_Tool_Selector_Scale_Line_Widths.htm
xarax\IDH_Tool_Selector_Scaling.htm
xarax\IDH_Tool_Selector_Selection_Handles.htm
xarax\IDH_Tool_Selector_Skew.htm
xarax\IDH_Tool_Selector_SkewRotate_Mode.htm
xarax\IDH_Tool_Selector_Transformation_Centre_Grid.htm
xarax\IDH_Tool_Shadow.htm
xarax\IDH_Tool_Shape.htm
xarax\IDH_Tool_Shape_Break.htm
xarax\IDH_Tool_Shape_Curved.htm
xarax\IDH_Tool_Shape_Delete.htm
xarax\IDH_Tool_Shape_Mode.htm
xarax\IDH_Tool_Shape_Parameters.htm
xarax\IDH_Tool_Shape_Sharp.htm
xarax\IDH_Tool_Shape_Smooth.htm
xarax\IDH_Tool_Shape_Smoothing.htm
xarax\IDH_Tool_Shape_Straight.htm
xarax\IDH_Tool_Text.htm
xarax\IDH_Tool_Text_Aspect_Ratio.htm
xarax\IDH_Tool_Text_Baseline_and_Kerning.htm
xarax\IDH_Tool_Text_Bold.htm
xarax\IDH_Tool_Text_Font.htm
xarax\IDH_Tool_Text_Font_Size.htm
xarax\IDH_Tool_Text_Italic.htm
xarax\IDH_Tool_Text_Justification_Centre.htm
xarax\IDH_Tool_Text_Justification_Full.htm
xarax\IDH_Tool_Text_Justification_Left.htm
xarax\IDH_Tool_Text_Justification_Right.htm
xarax\IDH_Tool_Text_Script.htm
xarax\IDH_Tool_Text_Tracking_and_Line_Spacing.htm
xarax\IDH_Tool_Transparency.htm
xarax\IDH_Tool_Transparency_Fill_Type.htm
xarax\IDH_Tool_Transparency_Grain.htm
xarax\IDH_Tool_Transparency_Levels.htm
xarax\IDH_Tool_Transparency_Resolution.htm
xarax\IDH_Tool_Transparency_Tiling.htm
xarax\IDH_Tool_Zoom.htm
xarax\Image_Slicing_Overview.htm
xarax\Image_Slicing_Overview__alternative_.htm
xarax\Isolate_Points_Bitmap_Effect.htm
xarax\Layer_Gallery___Move_Button.htm
xarax\Layers_and_Frames.htm
xarax\Line_Gallery___Stroke_Shapes.htm
xarax\Line_Gallery_Brush_Strokes.htm
xarax\Linked_stretching.htm
xarax\Linked_stretching__NavBar_Tool_.htm
xarax\List_of_Text_Tool_shortcuts__master_list_.htm
xarax\live\Editing_Live_Effects.htm
xarax\live\Editing_shapes.htm
xarax\live\How_Live_Effects_work.htm
xarax\live\Live_Effect_resolution.htm
xarax\live\Live_effects_tool.htm
xarax\live\Locked_vs._Live_Effects.htm
xarax\live\Locking_effects.htm
xarax\live\Photoshop_vs._Xara_Picture_Editor_plug-ins.htm
xarax\live\Saving_and_transferring_files.htm
xarax\live\To_apply_a_Live_Effect.htm
xarax\Live_stretching___Set_new_design.htm
xarax\Macromedia_Dreamweaver___making_Xara_X_as_the_default_editor.htm
xarax\Macromedia_Dreamweaver_Support.htm
xarax\Macromedia_Dreamweaver_support_for_Navigation_Bars.htm
xarax\Masking_or_clipping_objects.htm
xarax\Modifying_contours.htm
xarax\Modifying_shadows.htm
xarax\Mouse_wheel_operations.htm
xarax\Move_objects_in_a_ClipView.htm
xarax\Move_the_shadow.htm
xarax\Moving_bitmap_transparency_handles.htm
xarax\Multi-layer_Export.htm
xarax\Name_Gallery___Apply_Button.htm
xarax\Name_Gallery___Properties.htm
xarax\Name_Gallery_Delete_Button.htm
xarax\Name_Gallery_Export_Button.htm
xarax\Name_Gallery_Export_Properties.htm
xarax\Name_Gallery_Image_Slicing_Properties.htm
xarax\Name_Gallery_Intersect_Button.htm
xarax\Name_Gallery_Pop_Up_menu.htm
xarax\Name_Gallery_Redefine_Button.htm
xarax\Name_Gallery_Remove_Button.htm
xarax\Name_Gallery_Rename_Button.htm
xarax\Name_Gallery_Select_Button.htm
xarax\Name_Gallery_Stretching_Properties.htm
xarax\Naming_Objects_Overview.htm
xarax\NavBar_Tool___Live_Stretching.htm
xarax\NavBar_Tool_Button_State.htm
xarax\NavBar_Tool_Edit_Properties.htm
xarax\NavBar_Tool_Edit_States_Button.htm
xarax\NavBar_Tool_Export_Button.htm
xarax\NavBar_Tool_MouseOff_Design.htm
xarax\NavBar_Tool_New.htm
xarax\Normal_and_Animation_Documents.htm
xarax\Other_Xara_Products.htm
xarax\Painting_with_bitmaps.htm
xarax\Pressure_sensitivity_and_brushes.htm
xarax\Previewing_bitmaps_in_a_browser.htm
xarax\profile_dialog_box.htm
xarax\Register_(Help_Menu).htm
xarax\Registering_Xara_X.htm
xarax\Remove_a_ClipView.htm
xarax\Removing_a_brush_stroke.htm
xarax\Removing_a_contour.htm
xarax\Removing_a_stroke_shape.htm
xarax\Removing_bevels.htm
xarax\Removing_blend_from_a_curve.htm
xarax\Removing_feathering.htm
xarax\Removing_transparency.htm
xarax\Reverse_line_direction.htm
xarax\Selecting_navigation_bar_objects.htm
xarax\Selecting_objects_using_the_Name_Gallery.htm
xarax\Setting_a_scale_factor.htm
xarax\Shadow_pop_up_menu.htm
xarax\Shadow_Tool___Profile.htm
xarax\Shadow_Tool___X_Y.htm
xarax\Shadow_Tool_select.htm
xarax\Shadow_Tool_Shadow_Blur.htm
xarax\Shadow_Tool_Shadow_Transparency.htm
xarax\Shadow_Tool_ShadowType.htm
xarax\Shape_Editor_Tool___Reverse_Path_Button.htm
xarax\Smooth_when_scaled_up.htm
xarax\Speed.htm
xarax\Swap_between_inside_and_outside_contours.htm
xarax\Text_Tool___Automatic_Kerning.htm
xarax\Transparency_Tool___Bitmap_Name_Field.htm
xarax\Transparency_Tool___Painting_Mode_Field.htm
xarax\Transparency_Tool___Profile.htm
xarax\Update_(Help_Menu).htm
xarax\Use_Hints__Tips_and_Movies_from_CD.htm
xarax\Using_ClipView.htm
xarax\Using_Contours_to_Resize_Objects.htm
xarax\Using_slicing_to_optimize_web_graphics.htm
xarax\Using_Templates.htm
xarax\Value.htm
xarax\Xara_WEB_File_Export_Dialog_Box___Export_Size.htm
xarax\Xara_X_license_terms.htm
xarax\Zoom_to_name.htm
eHelp.xml
ehlpdhtm.js
zoom.swf
xarax.css
image\blendtrans2.png
image\solidoff.gif
image\TTITALIC.gif
image\TEXTEX2.gif
image\LTPARAMS.gif
image\SELUND.gif
image\QTCURVED.gif
image\ebd_3.gif
image\MTRIGHTP.gif
image\PRNTBORD.gif
image\OPTBUTT.gif
image\LAGALBUT.gif
image\FTSHAPE.gif
image\FRBO.gif
image\FIIMPORT.gif
image\EXPANIM.gif
image\ETPARAMS.gif
image\btn_O.gif
image\TTINFO.gif
image\SCROLLB.gif
image\SNAPTOP.gif
image\LINEEND.gif
image\TRANCUST.gif
image\TRANSELL.gif
image\PLINEDRP.gif
image\BTCREATE.gif
image\BLENDPTR.gif
image\BEVSLIDE.gif
image\grouptrans1.png
image\cursorliveeffects.gif
image\CHARS.gif
image\TTLEFTJ.gif
image\TEXTEX3.gif
image\UNDO.gif
image\GUIDESN.gif
image\SMOOTH.gif
image\SEL.gif
image\PEN.gif
image\ebd_4.gif
image\NGPROP.gif
image\MTPASTEE.gif
image\MASKBMP.gif
image\FOREM.gif
image\FOAPPLY.gif
image\FTTYPE.gif
image\FGGETF.gif
image\FGADD.gif
image\btn_P.gif
image\SKEWEX.gif
image\ROTH2.gif
image\CIRFILL2.gif
image\WWWALIAS.gif
image\QUALITY.gif
image\TRANSFRA.gif
image\TRANSBMP.gif
image\BCURVE.gif
image\WEBSAFE.gif
image\COLLOCK.gif
image\GROUP.gif
image\KEYCUT.gif
image\grouptrans2.png
image\CESHADE.jpg
xaraonline.gif
image\TRTLEVEL.gif
image\SHADBUT.gif
image\ANIMPLAY.gif
image\FTCREATE.gif
image\FILLGBUT.gif
image\SAVE.gif
image\FEATHERSL.gif
image\QTMODE.gif
image\MOTIONBL.gif
image\btn_Q.gif
image\QS.gif
image\ZOOM.gif
image\TEXTTINFO.gif
image\SLIDER.gif
image\SHINFO.gif
image\QTINFO.gif
image\CLIPORIG.gif
image\COLBUTTS.gif
image\CGREDEF.gif
image\WIZZY5.gif
image\EDITBMPF.gif
image\NGSELSOME.gif
image\BMPGBUT.gif
image\BACKWARD.gif
image\grouptrans3.png
image\PUSHPTR.gif
image\ANIMSTOP.gif
image\CLIPV2.gif
image\CVKEY1.gif
image\LGCOPY.gif
image\OVERFILL.gif
image\FRMDEL.gif
image\FTEDIT.gif
image\FRCOPY.gif
image\FGGET.gif
image\FLIPEX.gif
image\SAVEALL.gif
image\ELLIPSE.gif
image\PASTEPOS.gif
image\PARALINE.gif
image\btn_R.gif
image\btn_A.gif
image\4FILL.gif
image\HEXFILL.gif
image\CGDEL.gif
image\COLGBUT.gif
image\CLOSE.gif
image\CGDISC.gif
image\CLIMPORT.gif
image\ELIPTRANS.gif
image\EDITCIRF.gif
image\BITMAP.gif
image\EXDELETE.gif
image\COLSEL.gif
image\xtremelogo.gif
image\CEHSV.jpg
webstylelogo.png
image\XLOGO.gif
image\TTCENTJ.gif
image\GSNAPBUT.gif
image\GUIDESON.gif
image\LARGE.gif
image\SIZEBOX.gif
image\ASPECT.gif
image\RTCURVED.gif
image\PUSH.gif
image\PREVZOOM.gif
image\NEWVIEW.gif
image\CLIPV3.gif
image\CVKEY2.gif
image\MTROT.gif
image\LGMOVE.gif
image\FRMFIRST.gif
image\FRMAPRP.gif
image\FRMNEW.gif
image\FTRES.gif
image\FEATHER.gif
image\QTBOUND.gif
image\btn_S.gif
image\btn_B.gif
image\SETINFO.gif
image\SMOOTH1.gif
image\ALIGNEX.gif
image\CGNEW.gif
image\COLPICK.gif
image\CLOPT.gif
image\TRANS3.gif
image\BARTOOL.gif
image\BLEND.gif
image\MSHAPES.gif
image\POINTS.gif
image\ADDEX.gif
image\CESPOT.jpg
image\BEVBUT.gif
image\TTASPECT.gif
image\GRIDBUTT.gif
image\LTPOS.gif
image\RECTANGL.gif
image\NGRENAME.gif
image\LGVISED.gif
image\CLOSPATH.gif
image\NGALBUT.gif
image\FREEPTR.gif
image\FTLIST.gif
image\IMPORT.gif
image\QTDIAM.gif
image\CEGS.gif
image\PASTEATT.gif
image\btn_T.gif
image\btn_C.gif
image\EDITH1.gif
image\DEFAULT.gif
image\SMOOTH2.gif
image\TRANS4.gif
image\NGSELNONE.gif
image\BLENDCURVE1.gif
image\TRACER.gif
image\COLEDIT.gif
image\UNGROUP.gif
image\FTMULTI.gif
image\CEANNADV.jpg
image\TRANSPTR.gif
image\TREX.gif
image\SHADXY.gif
image\FLIP.gif
image\SELINS.gif
image\RECTPTR.gif
image\QTSIDES.gif
image\NGISECT.gif
image\MTRECTP.gif
image\LINECAP.gif
image\LGDEL.gif
image\PRINTCOL.gif
image\ISSPLIT.gif
image\FRMNEXT.gif
image\FREEHAND.gif
image\SAVEAS.gif
image\QTRAD.gif
image\btn_U.gif
image\btn_D.gif
image\3FILL.gif
image\BTINF.gif
image\MITRE.gif
image\DIAFILL.gif
image\BLNDBLND.gif
image\CECNOCOL.gif
image\CESWAP.gif
image\NGSELALL.gif
image\BLENDCURVE2.gif
image\BTREMOVE.gif
image\BTPOS.gif
image\BMPTRX2.gif
image\EXTRANSP.gif
image\LOCCOL.gif
image\SHSUB.gif
image\LAYERB.gif
image\FTPAINT.gif
image\MAGNET.gif
image\SCALEBOX.gif
image\RULERS.gif
image\QTSTAR.gif
image\QTPARAMS.gif
image\ZOOMSEL.gif
image\LGNEW.gif
image\FULLSCRN.gif
image\FRPREV.gif
image\FRALLV.gif
image\FTADDPTR.gif
image\btn_V.gif
image\btn_E.gif
image\TRANS.gif
image\TEXT.gif
image\RTINFO.gif
image\LINFILL2.gif
image\BEVEL.gif
image\STRIPES.gif
image\CLIPVIEW.gif
image\CTINSET.gif
image\CEBROWSE.gif
image\GALCLOSE.gif
image\CLADD.gif
image\TILE.gif
image\TRANSFLA.gif
image\EDITELLF.gif
image\BTDUPL.gif
image\BLENDCURVE3.gif
image\FGBACK.gif
image\BGDEL.gif
image\SYSTEM.gif
image\RESTORE.gif
image\TEXTPTR.gif
image\LTBREAK.gif
image\ROTMODE.gif
image\ZOOMDRAW.gif
image\ANIMSLID.gif
image\ANIMNEXT.gif
image\ISSAVE.gif
image\NGEXPORT.gif
image\MTREMOVE.gif
image\MTELLE.gif
image\STATE1.gif
image\LINETHIC.gif
image\LGPROP.gif
image\INTEREX.gif
image\FRPROP.gif
image\TTGLYPH.gif
image\FGTRANS.gif
image\btn_W.gif
image\btn_F.gif
image\TRANSCEN.gif
image\DITHER.gif
image\BLENDMUL.gif
image\INOUT.gif
image\SPOTEX.gif
image\EDITCOL.gif
image\CGOPT.gif
image\CLONE.gif
image\TRANSCIR.gif
image\CIRCTILE.gif
image\BTEFFECT.gif
image\BGINS.gif
image\COLSAFE.gif
image\BREAKSH.gif
image\ARRPTR.gif
screenmaker.gif
image\TRTTILE.gif
image\TTBOLD.gif
image\MOUSEPOS.gif
image\SHAPEED.gif
image\SHADTYPE.gif
image\SMALL.gif
image\NEWNAME.gif
image\QTFLAT.gif
image\NEW.gif
image\NGSELECT.gif
image\GALMOVE.gif
image\MTGRID.gif
image\STATE2.gif
image\LGALLVIS.gif
image\LGMULTI.gif
image\UNITSBUT.gif
image\FRTREFIT.gif
image\FRDEL.gif
image\FRALLED.gif
image\FOINS.gif
image\IMPINTER.gif
image\btn_X.gif
image\btn_G.gif
image\SCALEH2.gif
image\QUALEX.gif
image\FLOAT.gif
image\COPY.gif
image\CGBACK.gif
image\CENEW.gif
image\CGDROP.gif
image\EDIT4F.gif
image\TRANSDIA.gif
image\EDITDIAF.gif
image\BTSYNC.gif
image\BTATTRIB.gif
image\BGPROP.gif
image\BGFILL.gif
image\BEVJOIN.gif
image\BEVTYPE.gif
image\BACK.gif
image\CTSIZE.gif
image\TTSIZE.gif
image\TTKERN.gif
image\SUBEX.gif
image\REDO.gif
image\SLICEEX.gif
image\LTSTRGHT.gif
image\LTSHARP.gif
image\LTCURVED.gif
image\SHADTOOL.gif
image\SCALELIN.gif
image\QSPTR.gif
image\QTELL.gif
image\ZOOMEDIT.gif
image\GALRES.gif
image\SHADTARG.gif
image\STATE3.gif
image\LGTICKS.gif
image\FRMFRNT.gif
image\FRMPREVA.gif
image\FRMCOPY.gif
image\FRTSMTH.gif
image\FRNEW.gif
image\FTCOL.gif
image\PAGEBUTT.gif
image\CERGB1.gif
image\btn_H.gif
image\ETINFO.gif
image\CONINFO.gif
image\ASPECTEX.gif
image\FILLCUST.gif
image\HATCH.gif
image\CETINT.gif
image\CLREM.gif
image\CLEARSEL.gif
image\EDIT3F.gif
image\FILDROP1.gif
image\TRANSLIN.gif
image\BUTTPAL.gif
image\BROTATE.gif
image\BTSTEPS.gif
image\TRANSBACK.gif
image\COLDEL.gif
image\BEVTOOL.gif
image\LAYERF.gif
image\ALIGN.gif
image\cursornavbar.gif
image\cusorshadow.gif
image\CECMYK1.jpg
image\TTRIGHTJ.gif
image\LTROUND.gif
image\LTMODE.gif
image\ZOOMPAGE.gif
image\MTSEP.gif
image\MTSIDES.gif
image\STATE4.gif
image\WEBADDR.gif
image\FRMPREVB.gif
image\FTTILE.gif
image\PRINT.gif
image\DELETE.gif
image\btn_Z.gif
image\btn_I.gif
image\INTERLAC.gif
image\HANDLES2.gif
image\FILLH12.gif
image\BBOX.gif
image\CONSLIDER.gif
image\SHADSLIDER.gif
image\COLLINE2.gif
image\CLIPGBUT.gif
image\FILDROP2.gif
image\EDITLINF.gif
image\EDITFRAF.gif
image\EDITCONF.gif
image\PTRCURR.gif
image\BTBUTSTATE.gif
image\BTAALIAS.gif
image\BGTRACE.gif
image\BGPREVIEW.gif
image\BGOPT.gif
image\BMGBACK.gif
image\SHINTER.gif
image\CHICLET.gif
image\liveeffecticon.png
image\CECMYK2.jpg
xara3d.gif
image\CONBUT.gif
image\TTFULLJ.gif
image\SEREVP.gif
image\SELMEM.gif
image\RTPARAMS.gif
image\ISSAVE2.gif
image\ENVEX.gif
image\MTPASTEP.gif
image\MTLEFTP.gif
image\MTBACKP.gif
image\MTRECTE.gif
image\ISBASIC.gif
image\FOOPT.gif
image\FGFILL.gif
image\ELLPTR.gif
image\PASTE.gif
image\DOCIN.gif
image\btn_J.gif
image\FILLT.gif
image\34TILE.gif
image\STINFO.gif
image\ROUND.gif
image\FILLEX.gif
image\DOCCTRL.gif
image\BYBOUNDS.gif
image\BTINFO.gif
image\COLATTR.gif
image\CGAPPLY.gif
image\LINTILE.gif
image\CURVECOR.gif
image\MORPH.gif
image\1TO1.gif
image\BMPTRX.gif
image\solidon.gif
image\CEANN.jpg
image\ZOOMPTR.gif
image\ISSAVE3.gif
image\TRTFTYPE.gif
image\TRTGRAIN.gif
image\TTFONT.gif
image\TTAKERN.gif
image\MTROT2.gif
image\MTFRONTP.gif
image\FRMLAST.gif
image\FRMPREV1.gif
image\FRGALBUT.gif
image\FODEINS.gif
image\FILLPTR.gif
image\SAVETEMP.gif
image\SELALL.gif
image\SELADD.gif
image\btn_K.gif
image\ZTINFO.gif
image\SHAPES2.gif
image\APPCONTR.gif
image\CGGET.gif
image\4TILE.gif
image\DIAMTILE.gif
image\BT1TO1.gif
image\BGTRANS.gif
image\SHSLICE.gif
image\PRCARROW.gif
image\SHADD.gif
image\cursorcontour.gif
xaramm.gif
image\SHADTRANS.gif
image\SHEARBOX.gif
image\SELHAND.gif
image\ROTBOX.gif
image\ANIMREFR.gif
image\ROTCENT.gif
image\MTCOPY.gif
image\MTCIRCE.gif
image\MOULD.gif
image\LINEJOIN.gif
image\OVERLINE.gif
image\ISBASIC2.gif
image\SCALEBUT.gif
image\LGBUT.gif
image\FRMPREV.gif
image\T1GLYPH.gif
image\FGOPT.gif
image\DUPLICAT.gif
image\btn_L.gif
image\SELMARK.gif
image\SCALEEX.gif
image\RULER.gif
image\PTINFO.gif
image\CEDITH.gif
image\BLENDEX.gif
image\SPOTFILL.gif
image\CONTOOL.gif
image\GALBUTTS.gif
image\WIZZY0.gif
image\BLENDS1.gif
image\BMPFILX.gif
image\BGSAVE.gif
image\WWW.gif
image\BULLET.gif
image\quickshapeinfobar.gif
image\liveeffect.png
image\CENORM.jpg
image\CELINKED.jpg
buyfonts.gif
image\LTSMOOTH.gif
image\POSBOX.gif
image\SHAPHAND.gif
image\QTPOLY.gif
image\SHAPEPTR.gif
image\ebd_1.gif
image\OPEN.gif
image\PERSPEX.gif
image\MTTOPBOT.gif
image\LGGUIDES.gif
image\FRMBEH.gif
image\FRMPROP.gif
image\FOADD.gif
image\FGALBUT.gif
image\FTHANDLE.gif
image\FTEFF.gif
image\FGREMOV.gif
image\PRINTSU.gif
image\EXPORT.gif
image\CONCENT.gif
image\btn_M.gif
image\LINES.gif
image\FTINFO.gif
image\ELLFILL2.gif
image\BYDIAM.gif
image\BMPFILL2.gif
image\GIFTRANS2.gif
image\CGNAME.gif
image\COLED.gif
image\FGSTOP.gif
image\CLOPEN.gif
image\WIZZY10.gif
image\TRANSCON.gif
image\PDROPCOL.gif
image\BTEXPORT.gif
image\BLENDS2.gif
image\btn_mini.gif
image\BEVINOUT.gif
image\BEVVAL.gif
image\JOINSH.gif
image\FORWARD.gif
image\FRONT.gif
image\GADD.gif
image\blendtrans1.png
image\TRTDPI.gif
image\TTSCRIPT.gif
image\TTTRACK.gif
image\TEXTEX1.gif
image\SNAPIND.gif
image\NEWANI.gif
image\POINTDEL.gif
image\FILLHAND.gif
image\ATTRIBDB.gif
image\ANIMPREV.gif
image\ebd_2.gif
image\FTGRAIN.gif
image\FEATHERPF.gif
image\btn_N.gif
image\SELECT.gif
image\BYRADIUS.gif
image\QSHAPES.gif
image\MTINFO.gif
image\GROUPEX.gif
image\CONFILL2.gif
image\CUT.gif
image\CGEDIT.gif
image\3TILE.gif
image\WIZZY11.gif
image\BTSTRETCH.gif
image\BTNAME.gif
image\BLENDS3.gif
image\btn_Return.gif
image\BGBEFF.gif
image\BMGPREF.gif
image\COLTRANS.gif
image\TEXTCURV.gif
xaralx.ppf
ss_btn_.gif
ss_btn_0.gif
ss_btn_related_topics.gif
xarax_ns.css
whxdata\whtdata0.xml
whxdata\whidata0.xml
whxdata\whidata1.xml
whxdata\whftdata0.xml
whxdata\whfwdata0.xml
whxdata\whfwdata1.xml
whdata\whtdata0.htm
whdata\whidata0.htm
whdata\whidata1.htm
whdata\whftdata0.htm
whdata\whfwdata0.htm
whdata\whfwdata1.htm
whgdata\whlstt0.htm
whgdata\whlstt1.htm
whgdata\whlstt2.htm
whgdata\whlstt3.htm
whgdata\whlstt4.htm
whgdata\whlstt5.htm
whgdata\whlstt6.htm
whgdata\whlstt7.htm
whgdata\whlsti0.htm
whgdata\whlsti1.htm
whgdata\whlsti2.htm
whgdata\whlsti3.htm
whgdata\whlsti4.htm
whgdata\whlsti5.htm
whgdata\whlsti6.htm
whgdata\whlsti7.htm
whgdata\whlsti8.htm
whgdata\whlsti9.htm
whgdata\whlsti10.htm
whgdata\whlstfl0.htm
whgdata\whlstfl1.htm
whgdata\whlstfl2.htm
whgdata\whlstfl3.htm
whgdata\whlstfl4.htm
whgdata\whlstfl5.htm
whgdata\whlstfl6.htm
whgdata\whlstfl7.htm
whgdata\whlstfl8.htm
whgdata\whlstfl9.htm
whgdata\whlstfl10.htm
whgdata\whlstfl11.htm
whgdata\whlstfl12.htm
whgdata\whlstfl13.htm
whgdata\whlstfl14.htm
whgdata\whlstfl15.htm
whgdata\whlstfl16.htm
whgdata\whlstfl17.htm
whgdata\whlstfl18.htm
whgdata\whlstfl19.htm
whgdata\whlstfl20.htm
whgdata\whlstfl21.htm
whgdata\whlstfl22.htm
whgdata\whlstfl23.htm
whgdata\whlstfl24.htm
whgdata\whlstfl25.htm
whgdata\whlstfl26.htm
whgdata\whlstf0.htm
whgdata\whlstf1.htm
whgdata\whlstf2.htm
whgdata\whlstf3.htm
whgdata\whlstf4.htm
whgdata\whlstf5.htm
whgdata\whlstf6.htm
whgdata\whlstf7.htm
whgdata\whlstf8.htm
whgdata\whlstf9.htm
whgdata\whlstf10.htm
whgdata\whlstf11.htm
whgdata\whlstf12.htm
whgdata\whlstf13.htm
whgdata\whlstf14.htm
whgdata\whlstf15.htm
whgdata\whlstf16.htm
whgdata\whlstf17.htm
whgdata\whlstf18.htm
whgdata\whlstf19.htm
whgdata\whlstf20.htm
whgdata\whlstf21.htm
whgdata\whlstf22.htm
whgdata\whlstf23.htm
whgdata\whlstf24.htm
whgdata\whlstf25.htm
whgdata\whlstf26.htm
whgdata\whlstf27.htm
whgdata\whlstf28.htm
whgdata\whlstf29.htm
whgdata\whlstf30.htm
whgdata\whlstf31.htm
whgdata\whlstf32.htm
whgdata\whlstf33.htm
whgdata\whlstf34.htm
whgdata\whlstf35.htm
whgdata\whlstf36.htm
whgdata\whlstf37.htm
whgdata\whlstf38.htm
whgdata\whlstf39.htm
whgdata\whlstf40.htm
whgdata\whlstf41.htm
whgdata\whlstf42.htm
whgdata\whlstf43.htm
whgdata\whlstf44.htm
whgdata\whlstf45.htm
whgdata\whlstf46.htm
whgdata\whlstf47.htm
whgdata\whlstf48.htm
whgdata\whlstf49.htm
whgdata\whlstf50.htm
whgdata\whlstf51.htm
whgdata\whlstf52.htm
whgdata\whlstf53.htm
whgdata\whlstf54.htm
whgdata\whlstf55.htm
whgdata\whlstf56.htm
whgdata\whlstf57.htm
whgdata\whlstf58.htm
whgdata\whlstf59.htm
whgdata\whlstf60.htm
whgdata\whlstf61.htm
whgdata\whlstf62.htm
whgdata\whlstf63.htm
whgdata\whlstf64.htm
whgdata\whlstf65.htm
whgdata\whlstf66.htm
whgdata\whlstf67.htm
whgdata\whlstf68.htm
whgdata\whlstf69.htm
whgdata\whlstf70.htm
whgdata\whlstf71.htm
whgdata\whlstf72.htm
whgdata\whlstf73.htm
whgdata\whlstf74.htm
whgdata\whlstf75.htm
whgdata\whlstf76.htm
whgdata\whlstf77.htm
whgdata\whlstf78.htm
whgdata\whlstf79.htm
whgdata\whlstf80.htm
whgdata\whlstg0.htm
xaralx.htm
xaralx_csh.htm
xaralx_rhc.htm
